#
# There is insufficient memory for the Java Runtime Environment to continue.
# Native memory allocation (malloc) failed to allocate 252706816 bytes for committing reserved memory.
# Possible reasons:
#   The system is out of physical RAM or swap space
#   In 32 bit mode, the process size limit was hit
# Possible solutions:
#   Reduce memory load on the system
#   Increase physical memory or swap space
#   Check if swap backing store is full
#   Use 64 bit Java on a 64 bit OS
#   Decrease Java heap size (-Xmx/-Xms)
#   Decrease number of Java threads
#   Decrease Java thread stack sizes (-Xss)
#   Set larger code cache with -XX:ReservedCodeCacheSize=
# This output file may be truncated or incomplete.
#
#  Out of Memory Error (os_linux.cpp:2809), pid=18412, tid=139740025411328
#
# JRE version: OpenJDK Runtime Environment (7.0_79-b14) (build 1.7.0_79-b14)
# Java VM: OpenJDK 64-Bit Server VM (24.79-b02 mixed mode linux-amd64 compressed oops)
# Derivative: IcedTea 2.5.5
# Distribution: Ubuntu 14.04 LTS, package 7u79-2.5.5-0ubuntu0.14.04.2
# Failed to write core dump. Core dumps have been disabled. To enable core dumping, try "ulimit -c unlimited" before starting Java again
#

---------------  T H R E A D  ---------------

Current thread (0x00007f17c8073000):  VMThread [stack: 0x00007f17c2835000,0x00007f17c2936000] [id=18422]

Stack: [0x00007f17c2835000,0x00007f17c2936000],  sp=0x00007f17c2934490,  free space=1021k
Native frames: (J=compiled Java code, j=interpreted, Vv=VM code, C=native code)
V  [libjvm.so+0x94aec5]  VMError::report_and_die()+0x175
V  [libjvm.so+0x48b9c4]  report_vm_out_of_memory(char const*, int, unsigned long, char const*)+0x74
V  [libjvm.so+0x7c806b]  os::pd_commit_memory(char*, unsigned long, unsigned long, bool)+0xeb
V  [libjvm.so+0x7c2b0f]  os::commit_memory(char*, unsigned long, unsigned long, bool)+0x1f
V  [libjvm.so+0x83500b]  PSVirtualSpace::expand_by(unsigned long)+0x5b
V  [libjvm.so+0x835e60]  PSYoungGen::resize_generation(unsigned long, unsigned long)+0xb0
V  [libjvm.so+0x83654b]  PSYoungGen::resize(unsigned long, unsigned long)+0x1b
V  [libjvm.so+0x832830]  PSScavenge::invoke_no_policy()+0xde0
V  [libjvm.so+0x833008]  PSScavenge::invoke()+0x38
V  [libjvm.so+0x7e96f3]  ParallelScavengeHeap::failed_mem_allocate(unsigned long)+0x63
V  [libjvm.so+0x94c8c4]  VM_ParallelGCFailedAllocation::doit()+0x84
V  [libjvm.so+0x950dc7]  VM_Operation::evaluate()+0x47
V  [libjvm.so+0x94f738]  VMThread::evaluate_operation(VM_Operation*)+0x318
V  [libjvm.so+0x94fb99]  VMThread::loop()+0x219
V  [libjvm.so+0x94ffe2]  VMThread::run()+0x72
V  [libjvm.so+0x7c4f32]  java_start(Thread*)+0xf2

VM_Operation (0x00007f17a7ab8780): ParallelGCFailedAllocation, mode: safepoint, requested by thread 0x00007f17c8249800


---------------  P R O C E S S  ---------------

Java Threads: ( => current thread )
  0x00007f17c8008000 JavaThread "DestroyJavaVM" [_thread_blocked, id=18417, stack(0x00007f17ce709000,0x00007f17ce80a000)]
  0x00007f17c8268800 JavaThread "AWT-EventQueue-0" [_thread_blocked, id=18435, stack(0x00007f17a77b7000,0x00007f17a78b8000)]
  0x00007f17c8267000 JavaThread "AWT-Shutdown" [_thread_blocked, id=18434, stack(0x00007f17a78b8000,0x00007f17a79b9000)]
  0x00007f17c8249800 JavaThread "Thread-0" [_thread_blocked, id=18432, stack(0x00007f17a79b9000,0x00007f17a7aba000)]
  0x00007f17c820e800 JavaThread "AWT-XAWT" daemon [_thread_in_native, id=18431, stack(0x00007f17b00aa000,0x00007f17b01ab000)]
  0x00007f17c81e9800 JavaThread "Java2D Disposer" daemon [_thread_blocked, id=18430, stack(0x00007f17c008d000,0x00007f17c018e000)]
  0x00007f17c80ac800 JavaThread "Service Thread" daemon [_thread_blocked, id=18428, stack(0x00007f17c1b4d000,0x00007f17c1c4e000)]
  0x00007f17c80aa000 JavaThread "C2 CompilerThread1" daemon [_thread_blocked, id=18427, stack(0x00007f17c1c4e000,0x00007f17c1d4f000)]
  0x00007f17c80a7000 JavaThread "C2 CompilerThread0" daemon [_thread_blocked, id=18426, stack(0x00007f17c1d4f000,0x00007f17c1e50000)]
  0x00007f17c80a5000 JavaThread "Signal Dispatcher" daemon [_thread_blocked, id=18425, stack(0x00007f17c1e50000,0x00007f17c1f51000)]
  0x00007f17c8079800 JavaThread "Finalizer" daemon [_thread_blocked, id=18424, stack(0x00007f17c2633000,0x00007f17c2734000)]
  0x00007f17c8077800 JavaThread "Reference Handler" daemon [_thread_blocked, id=18423, stack(0x00007f17c2734000,0x00007f17c2835000)]

Other Threads:
=>0x00007f17c8073000 VMThread [stack: 0x00007f17c2835000,0x00007f17c2936000] [id=18422]
  0x00007f17c80b7000 WatcherThread [stack: 0x00007f17c1a4c000,0x00007f17c1b4d000] [id=18429]

VM state:at safepoint (normal execution)

VM Mutex/Monitor currently owned by a thread:  ([mutex/lock_event])
[0x00007f17c8006380] Threads_lock - owner thread: 0x00007f17c8073000
[0x00007f17c8006880] Heap_lock - owner thread: 0x00007f17c8249800

Heap
 PSYoungGen      total 416256K, used 208K [0x00000007d6a00000, 0x00000007f0600000, 0x0000000800000000)
  eden space 410624K, 0% used [0x00000007d6a00000,0x00000007d6a00000,0x00000007efb00000)
  from space 5632K, 3% used [0x00000007efb00000,0x00000007efb34120,0x00000007f0080000)
  to   space 5632K, 0% used [0x00000007f0080000,0x00000007f0080000,0x00000007f0600000)
 ParOldGen       total 84480K, used 2954K [0x0000000783e00000, 0x0000000789080000, 0x00000007d6a00000)
  object space 84480K, 3% used [0x0000000783e00000,0x00000007840e2a50,0x0000000789080000)
 PSPermGen       total 21504K, used 8528K [0x0000000779800000, 0x000000077ad00000, 0x0000000783e00000)
  object space 21504K, 39% used [0x0000000779800000,0x000000077a0542d8,0x000000077ad00000)

Card table byte_map: [0x00007f17c4582000,0x00007f17c49b7000] byte_map_base: 0x00007f17c09b6000

Polling page: 0x00007f17ce825000

Code Cache  [0x00007f17c49b7000, 0x00007f17c4c27000, 0x00007f17c79b7000)
 total_blobs=544 nmethods=142 adapters=356 free_code_cache=48293Kb largest_free_block=49431040

Compilation events (10 events):
Event: 1.046 Thread 0x00007f17c80a7000 nmethod 135 0x00007f17c4a8b450 code [0x00007f17c4a8b5a0, 0x00007f17c4a8b778]
Event: 1.046 Thread 0x00007f17c80a7000  139             FireSim::paint (85 bytes)
Event: 1.051 Thread 0x00007f17c80a7000 nmethod 139 0x00007f17c4a8fad0 code [0x00007f17c4a8fca0, 0x00007f17c4a90040]
Event: 1.052 Thread 0x00007f17c80a7000  140 %           FireSim::paint @ 57 (85 bytes)
Event: 1.054 Thread 0x00007f17c80a7000 nmethod 140% 0x00007f17c4a740d0 code [0x00007f17c4a74260, 0x00007f17c4a74528]
Event: 1.063 Thread 0x00007f17c80aa000 nmethod 138% 0x00007f17c4a90590 code [0x00007f17c4a90980, 0x00007f17c4a91b68]
Event: 1.165 Thread 0x00007f17c80a7000  141             sun.java2d.pipe.AlphaColorPipe::skipTile (1 bytes)
Event: 1.166 Thread 0x00007f17c80a7000 nmethod 141 0x00007f17c4a6c410 code [0x00007f17c4a6c540, 0x00007f17c4a6c598]
Event: 1.215 Thread 0x00007f17c80aa000  142             java.util.Arrays::copyOf (19 bytes)
Event: 1.216 Thread 0x00007f17c80aa000 nmethod 142 0x00007f17c4a8f690 code [0x00007f17c4a8f7e0, 0x00007f17c4a8f9d8]

GC Heap History (10 events):
Event: 0.805 GC heap after
Heap after GC invocations=6 (full 0):
 PSYoungGen      total 133120K, used 3814K [0x00000007d6a00000, 0x00000007df200000, 0x0000000800000000)
  eden space 128512K, 0% used [0x00000007d6a00000,0x00000007d6a00000,0x00000007de780000)
  from space 4608K, 82% used [0x00000007dec80000,0x00000007df039870,0x00000007df100000)
  to   space 5120K, 0% used [0x00000007de780000,0x00000007de780000,0x00000007dec80000)
 ParOldGen       total 84480K, used 40K [0x0000000783e00000, 0x0000000789080000, 0x00000007d6a00000)
  object space 84480K, 0% used [0x0000000783e00000,0x0000000783e0a000,0x0000000789080000)
 PSPermGen       total 21504K, used 8527K [0x0000000779800000, 0x000000077ad00000, 0x0000000783e00000)
  object space 21504K, 39% used [0x0000000779800000,0x000000077a053d68,0x000000077ad00000)
}
Event: 0.948 GC heap before
{Heap before GC invocations=7 (full 0):
 PSYoungGen      total 133120K, used 132326K [0x00000007d6a00000, 0x00000007df200000, 0x0000000800000000)
  eden space 128512K, 100% used [0x00000007d6a00000,0x00000007de780000,0x00000007de780000)
  from space 4608K, 82% used [0x00000007dec80000,0x00000007df039870,0x00000007df100000)
  to   space 5120K, 0% used [0x00000007de780000,0x00000007de780000,0x00000007dec80000)
 ParOldGen       total 84480K, used 40K [0x0000000783e00000, 0x0000000789080000, 0x00000007d6a00000)
  object space 84480K, 0% used [0x0000000783e00000,0x0000000783e0a000,0x0000000789080000)
 PSPermGen       total 21504K, used 8527K [0x0000000779800000, 0x000000077ad00000, 0x0000000783e00000)
  object space 21504K, 39% used [0x0000000779800000,0x000000077a053e58,0x000000077ad00000)
Event: 0.951 GC heap after
Heap after GC invocations=7 (full 0):
 PSYoungGen      total 133632K, used 448K [0x00000007d6a00000, 0x00000007e6f00000, 0x0000000800000000)
  eden space 128512K, 0% used [0x00000007d6a00000,0x00000007d6a00000,0x00000007de780000)
  from space 5120K, 8% used [0x00000007de780000,0x00000007de7f0000,0x00000007dec80000)
  to   space 5120K, 0% used [0x00000007e6a00000,0x00000007e6a00000,0x00000007e6f00000)
 ParOldGen       total 84480K, used 2322K [0x0000000783e00000, 0x0000000789080000, 0x00000007d6a00000)
  object space 84480K, 2% used [0x0000000783e00000,0x0000000784044a50,0x0000000789080000)
 PSPermGen       total 21504K, used 8527K [0x0000000779800000, 0x000000077ad00000, 0x0000000783e00000)
  object space 21504K, 39% used [0x0000000779800000,0x000000077a053e58,0x000000077ad00000)
}
Event: 1.048 GC heap before
{Heap before GC invocations=8 (full 0):
 PSYoungGen      total 133632K, used 128960K [0x00000007d6a00000, 0x00000007e6f00000, 0x0000000800000000)
  eden space 128512K, 100% used [0x00000007d6a00000,0x00000007de780000,0x00000007de780000)
  from space 5120K, 8% used [0x00000007de780000,0x00000007de7f0000,0x00000007dec80000)
  to   space 5120K, 0% used [0x00000007e6a00000,0x00000007e6a00000,0x00000007e6f00000)
 ParOldGen       total 84480K, used 2322K [0x0000000783e00000, 0x0000000789080000, 0x00000007d6a00000)
  object space 84480K, 2% used [0x0000000783e00000,0x0000000784044a50,0x0000000789080000)
 PSPermGen       total 21504K, used 8528K [0x0000000779800000, 0x000000077ad00000, 0x0000000783e00000)
  object space 21504K, 39% used [0x0000000779800000,0x000000077a054170,0x000000077ad00000)
Event: 1.049 GC heap after
Heap after GC invocations=8 (full 0):
 PSYoungGen      total 261632K, used 384K [0x00000007d6a00000, 0x00000007e7000000, 0x0000000800000000)
  eden space 256512K, 0% used [0x00000007d6a00000,0x00000007d6a00000,0x00000007e6480000)
  from space 5120K, 7% used [0x00000007e6a00000,0x00000007e6a60000,0x00000007e6f00000)
  to   space 5632K, 0% used [0x00000007e6480000,0x00000007e6480000,0x00000007e6a00000)
 ParOldGen       total 84480K, used 2418K [0x0000000783e00000, 0x0000000789080000, 0x00000007d6a00000)
  object space 84480K, 2% used [0x0000000783e00000,0x000000078405ca50,0x0000000789080000)
 PSPermGen       total 21504K, used 8528K [0x0000000779800000, 0x000000077ad00000, 0x0000000783e00000)
  object space 21504K, 39% used [0x0000000779800000,0x000000077a054170,0x000000077ad00000)
}
Event: 1.219 GC heap before
{Heap before GC invocations=9 (full 0):
 PSYoungGen      total 261632K, used 256896K [0x00000007d6a00000, 0x00000007e7000000, 0x0000000800000000)
  eden space 256512K, 100% used [0x00000007d6a00000,0x00000007e6480000,0x00000007e6480000)
  from space 5120K, 7% used [0x00000007e6a00000,0x00000007e6a60000,0x00000007e6f00000)
  to   space 5632K, 0% used [0x00000007e6480000,0x00000007e6480000,0x00000007e6a00000)
 ParOldGen       total 84480K, used 2418K [0x0000000783e00000, 0x0000000789080000, 0x00000007d6a00000)
  object space 84480K, 2% used [0x0000000783e00000,0x000000078405ca50,0x0000000789080000)
 PSPermGen       total 21504K, used 8528K [0x0000000779800000, 0x000000077ad00000, 0x0000000783e00000)
  object space 21504K, 39% used [0x0000000779800000,0x000000077a054230,0x000000077ad00000)
Event: 1.219 GC heap after
Heap after GC invocations=9 (full 0):
 PSYoungGen      total 262144K, used 352K [0x00000007d6a00000, 0x00000007f0600000, 0x0000000800000000)
  eden space 256512K, 0% used [0x00000007d6a00000,0x00000007d6a00000,0x00000007e6480000)
  from space 5632K, 6% used [0x00000007e6480000,0x00000007e64d8000,0x00000007e6a00000)
  to   space 5632K, 0% used [0x00000007f0080000,0x00000007f0080000,0x00000007f0600000)
 ParOldGen       total 84480K, used 2554K [0x0000000783e00000, 0x0000000789080000, 0x00000007d6a00000)
  object space 84480K, 3% used [0x0000000783e00000,0x000000078407ea50,0x0000000789080000)
 PSPermGen       total 21504K, used 8528K [0x0000000779800000, 0x000000077ad00000, 0x0000000783e00000)
  object space 21504K, 39% used [0x0000000779800000,0x000000077a054230,0x000000077ad00000)
}
Event: 1.381 GC heap before
{Heap before GC invocations=10 (full 0):
 PSYoungGen      total 262144K, used 256864K [0x00000007d6a00000, 0x00000007f0600000, 0x0000000800000000)
  eden space 256512K, 100% used [0x00000007d6a00000,0x00000007e6480000,0x00000007e6480000)
  from space 5632K, 6% used [0x00000007e6480000,0x00000007e64d8000,0x00000007e6a00000)
  to   space 5632K, 0% used [0x00000007f0080000,0x00000007f0080000,0x00000007f0600000)
 ParOldGen       total 84480K, used 2554K [0x0000000783e00000, 0x0000000789080000, 0x00000007d6a00000)
  object space 84480K, 3% used [0x0000000783e00000,0x000000078407ea50,0x0000000789080000)
 PSPermGen       total 21504K, used 8528K [0x0000000779800000, 0x000000077ad00000, 0x0000000783e00000)
  object space 21504K, 39% used [0x0000000779800000,0x000000077a054230,0x000000077ad00000)
Event: 1.382 GC heap after
Heap after GC invocations=10 (full 0):
 PSYoungGen      total 416256K, used 288K [0x00000007d6a00000, 0x00000007f0600000, 0x0000000800000000)
  eden space 410624K, 0% used [0x00000007d6a00000,0x00000007d6a00000,0x00000007efb00000)
  from space 5632K, 5% used [0x00000007f0080000,0x00000007f00c8000,0x00000007f0600000)
  to   space 5632K, 0% used [0x00000007efb00000,0x00000007efb00000,0x00000007f0080000)
 ParOldGen       total 84480K, used 2730K [0x0000000783e00000, 0x0000000789080000, 0x00000007d6a00000)
  object space 84480K, 3% used [0x0000000783e00000,0x00000007840aaa50,0x0000000789080000)
 PSPermGen       total 21504K, used 8528K [0x0000000779800000, 0x000000077ad00000, 0x0000000783e00000)
  object space 21504K, 39% used [0x0000000779800000,0x000000077a054230,0x000000077ad00000)
}
Event: 1.608 GC heap before
{Heap before GC invocations=11 (full 0):
 PSYoungGen      total 416256K, used 410912K [0x00000007d6a00000, 0x00000007f0600000, 0x0000000800000000)
  eden space 410624K, 100% used [0x00000007d6a00000,0x00000007efb00000,0x00000007efb00000)
  from space 5632K, 5% used [0x00000007f0080000,0x00000007f00c8000,0x00000007f0600000)
  to   space 5632K, 0% used [0x00000007efb00000,0x00000007efb00000,0x00000007f0080000)
 ParOldGen       total 84480K, used 2730K [0x0000000783e00000, 0x0000000789080000, 0x00000007d6a00000)
  object space 84480K, 3% used [0x0000000783e00000,0x00000007840aaa50,0x0000000789080000)
 PSPermGen       total 21504K, used 8528K [0x0000000779800000, 0x000000077ad00000, 0x0000000783e00000)
  object space 21504K, 39% used [0x0000000779800000,0x000000077a0542d8,0x000000077ad00000)

Deoptimization events (4 events):
Event: 0.266 Thread 0x00007f17c8249800 Uncommon trap: reason=range_check action=make_not_entrant pc=0x00007f17c4a3f174 method=java.awt.image.DirectColorModel.getsRGBComponentFromsRGB(II)I @ 6
Event: 0.269 Thread 0x00007f17c8249800 Uncommon trap: reason=range_check action=make_not_entrant pc=0x00007f17c4a41424 method=java.awt.image.DirectColorModel.getsRGBComponentFromsRGB(II)I @ 6
Event: 0.337 Thread 0x00007f17c8249800 Uncommon trap: reason=unreached action=reinterpret pc=0x00007f17c4a376d4 method=sun.awt.image.IntegerInterleavedRaster.getDataElements(IILjava/lang/Object;)Ljava/lang/Object; @ 43
Event: 0.337 Thread 0x00007f17c8249800 Uncommon trap: reason=unreached action=reinterpret pc=0x00007f17c4a5344c method=java.awt.image.DirectColorModel.getDataElements(ILjava/lang/Object;)Ljava/lang/Object; @ 11

Internal exceptions (10 events):
Event: 0.080 Thread 0x00007f17c8008000 Threw 0x00000007d6a9faa0 at /build/buildd/openjdk-7-7u79-2.5.5/build/openjdk/hotspot/src/share/vm/prims/jvm.cpp:1284
Event: 0.080 Thread 0x00007f17c8008000 Threw 0x00000007d6a9fbc8 at /build/buildd/openjdk-7-7u79-2.5.5/build/openjdk/hotspot/src/share/vm/prims/jvm.cpp:1284
Event: 0.118 Thread 0x00007f17c8008000 Threw 0x00000007d6bb5470 at /build/buildd/openjdk-7-7u79-2.5.5/build/openjdk/hotspot/src/share/vm/prims/jvm.cpp:1284
Event: 0.118 Thread 0x00007f17c8008000 Threw 0x00000007d6bb8b78 at /build/buildd/openjdk-7-7u79-2.5.5/build/openjdk/hotspot/src/share/vm/prims/jvm.cpp:1284
Event: 0.118 Thread 0x00007f17c8008000 Threw 0x00000007d6bbef38 at /build/buildd/openjdk-7-7u79-2.5.5/build/openjdk/hotspot/src/share/vm/prims/jvm.cpp:1284
Event: 0.218 Thread 0x00007f17c8268800 Threw 0x00000007d6e6cef8 at /build/buildd/openjdk-7-7u79-2.5.5/build/openjdk/hotspot/src/share/vm/prims/jni.cpp:747
Event: 0.230 Thread 0x00007f17c8249800 Threw 0x00000007d6fa2800 at /build/buildd/openjdk-7-7u79-2.5.5/build/openjdk/hotspot/src/share/vm/prims/jvm.cpp:1284
Event: 0.283 Thread 0x00007f17c8249800 Threw 0x00000007d728f558 at /build/buildd/openjdk-7-7u79-2.5.5/build/openjdk/hotspot/src/share/vm/prims/jvm.cpp:1284
Event: 0.337 Thread 0x00007f17c8249800 Implicit null exception at 0x00007f17c4a375be to 0x00007f17c4a376b9
Event: 0.337 Thread 0x00007f17c8249800 Implicit null exception at 0x00007f17c4a521c8 to 0x00007f17c4a53439

Events (10 events):
Event: 0.951 Executing VM operation: ParallelGCFailedAllocation done
Event: 0.953 loading class 0x00007f17880399c0
Event: 0.953 loading class 0x00007f17880399c0 done
Event: 1.047 Executing VM operation: ParallelGCFailedAllocation
Event: 1.049 Executing VM operation: ParallelGCFailedAllocation done
Event: 1.218 Executing VM operation: ParallelGCFailedAllocation
Event: 1.219 Executing VM operation: ParallelGCFailedAllocation done
Event: 1.381 Executing VM operation: ParallelGCFailedAllocation
Event: 1.382 Executing VM operation: ParallelGCFailedAllocation done
Event: 1.608 Executing VM operation: ParallelGCFailedAllocation


Dynamic libraries:
00400000-00401000 r-xp 00000000 08:16 5391925                            /usr/lib/jvm/java-7-openjdk-amd64/jre/bin/java
00600000-00601000 r--p 00000000 08:16 5391925                            /usr/lib/jvm/java-7-openjdk-amd64/jre/bin/java
00601000-00602000 rw-p 00001000 08:16 5391925                            /usr/lib/jvm/java-7-openjdk-amd64/jre/bin/java
0185a000-0187b000 rw-p 00000000 00:00 0                                  [heap]
779800000-77ad00000 rw-p 00000000 00:00 0 
77ad00000-783e00000 rw-p 00000000 00:00 0 
783e00000-789080000 rw-p 00000000 00:00 0 
789080000-7d6a00000 rw-p 00000000 00:00 0 
7d6a00000-7f0600000 rw-p 00000000 00:00 0 
7ff700000-800000000 rw-p 00000000 00:00 0 
7f1770000000-7f1770021000 rw-p 00000000 00:00 0 
7f1770021000-7f1774000000 ---p 00000000 00:00 0 
7f1774000000-7f1774021000 rw-p 00000000 00:00 0 
7f1774021000-7f1778000000 ---p 00000000 00:00 0 
7f1778000000-7f1778021000 rw-p 00000000 00:00 0 
7f1778021000-7f177c000000 ---p 00000000 00:00 0 
7f177c000000-7f177c021000 rw-p 00000000 00:00 0 
7f177c021000-7f1780000000 ---p 00000000 00:00 0 
7f1780000000-7f1780021000 rw-p 00000000 00:00 0 
7f1780021000-7f1784000000 ---p 00000000 00:00 0 
7f1784000000-7f1784021000 rw-p 00000000 00:00 0 
7f1784021000-7f1788000000 ---p 00000000 00:00 0 
7f1788000000-7f1788589000 rw-p 00000000 00:00 0 
7f1788589000-7f178c000000 ---p 00000000 00:00 0 
7f178c000000-7f178c021000 rw-p 00000000 00:00 0 
7f178c021000-7f1790000000 ---p 00000000 00:00 0 
7f1790000000-7f1790021000 rw-p 00000000 00:00 0 
7f1790021000-7f1794000000 ---p 00000000 00:00 0 
7f1794000000-7f1794647000 rw-p 00000000 00:00 0 
7f1794647000-7f1798000000 ---p 00000000 00:00 0 
7f1798000000-7f1798021000 rw-p 00000000 00:00 0 
7f1798021000-7f179c000000 ---p 00000000 00:00 0 
7f179c000000-7f179c021000 rw-p 00000000 00:00 0 
7f179c021000-7f17a0000000 ---p 00000000 00:00 0 
7f17a0000000-7f17a0021000 rw-p 00000000 00:00 0 
7f17a0021000-7f17a4000000 ---p 00000000 00:00 0 
7f17a757d000-7f17a77b7000 rw-p 00000000 00:00 0 
7f17a77b7000-7f17a77ba000 ---p 00000000 00:00 0 
7f17a77ba000-7f17a78b8000 rw-p 00000000 00:00 0                          [stack:18435]
7f17a78b8000-7f17a78bb000 ---p 00000000 00:00 0 
7f17a78bb000-7f17a79b9000 rw-p 00000000 00:00 0                          [stack:18434]
7f17a79b9000-7f17a79bc000 ---p 00000000 00:00 0 
7f17a79bc000-7f17a7aba000 rw-p 00000000 00:00 0                          [stack:18432]
7f17a7aba000-7f17a7abf000 r-xp 00000000 08:16 5374432                    /usr/lib/x86_64-linux-gnu/libXfixes.so.3.1.0
7f17a7abf000-7f17a7cbe000 ---p 00005000 08:16 5374432                    /usr/lib/x86_64-linux-gnu/libXfixes.so.3.1.0
7f17a7cbe000-7f17a7cbf000 r--p 00004000 08:16 5374432                    /usr/lib/x86_64-linux-gnu/libXfixes.so.3.1.0
7f17a7cbf000-7f17a7cc0000 rw-p 00005000 08:16 5374432                    /usr/lib/x86_64-linux-gnu/libXfixes.so.3.1.0
7f17a7cc0000-7f17ac000000 rw-p 00000000 00:00 0 
7f17ac000000-7f17ac021000 rw-p 00000000 00:00 0 
7f17ac021000-7f17b0000000 ---p 00000000 00:00 0 
7f17b000d000-7f17b00aa000 rw-s 00000000 00:04 43778158                   /SYSV00000000 (deleted)
7f17b00aa000-7f17b00ad000 ---p 00000000 00:00 0 
7f17b00ad000-7f17b01ab000 rw-p 00000000 00:00 0                          [stack:18431]
7f17b01ab000-7f17b01b4000 r-xp 00000000 08:16 5382190                    /usr/lib/x86_64-linux-gnu/libXcursor.so.1.0.2
7f17b01b4000-7f17b03b3000 ---p 00009000 08:16 5382190                    /usr/lib/x86_64-linux-gnu/libXcursor.so.1.0.2
7f17b03b3000-7f17b03b4000 r--p 00008000 08:16 5382190                    /usr/lib/x86_64-linux-gnu/libXcursor.so.1.0.2
7f17b03b4000-7f17b03b5000 rw-p 00009000 08:16 5382190                    /usr/lib/x86_64-linux-gnu/libXcursor.so.1.0.2
7f17b03b5000-7f17b03b9000 r-xp 00000000 08:16 921615                     /lib/x86_64-linux-gnu/libgpg-error.so.0.10.0
7f17b03b9000-7f17b05b8000 ---p 00004000 08:16 921615                     /lib/x86_64-linux-gnu/libgpg-error.so.0.10.0
7f17b05b8000-7f17b05b9000 r--p 00003000 08:16 921615                     /lib/x86_64-linux-gnu/libgpg-error.so.0.10.0
7f17b05b9000-7f17b05ba000 rw-p 00004000 08:16 921615                     /lib/x86_64-linux-gnu/libgpg-error.so.0.10.0
7f17b05ba000-7f17b05bc000 r-xp 00000000 08:16 921625                     /lib/x86_64-linux-gnu/libkeyutils.so.1.4
7f17b05bc000-7f17b07bc000 ---p 00002000 08:16 921625                     /lib/x86_64-linux-gnu/libkeyutils.so.1.4
7f17b07bc000-7f17b07bd000 r--p 00002000 08:16 921625                     /lib/x86_64-linux-gnu/libkeyutils.so.1.4
7f17b07bd000-7f17b07be000 rw-p 00003000 08:16 921625                     /lib/x86_64-linux-gnu/libkeyutils.so.1.4
7f17b07be000-7f17b07fb000 r-xp 00000000 08:16 921685                     /lib/x86_64-linux-gnu/libpcre.so.3.13.1
7f17b07fb000-7f17b09fa000 ---p 0003d000 08:16 921685                     /lib/x86_64-linux-gnu/libpcre.so.3.13.1
7f17b09fa000-7f17b09fb000 r--p 0003c000 08:16 921685                     /lib/x86_64-linux-gnu/libpcre.so.3.13.1
7f17b09fb000-7f17b09fc000 rw-p 0003d000 08:16 921685                     /lib/x86_64-linux-gnu/libpcre.so.3.13.1
7f17b09fc000-7f17b0a21000 r-xp 00000000 08:16 921697                     /lib/x86_64-linux-gnu/libpng12.so.0.50.0
7f17b0a21000-7f17b0c20000 ---p 00025000 08:16 921697                     /lib/x86_64-linux-gnu/libpng12.so.0.50.0
7f17b0c20000-7f17b0c21000 r--p 00024000 08:16 921697                     /lib/x86_64-linux-gnu/libpng12.so.0.50.0
7f17b0c21000-7f17b0c22000 rw-p 00025000 08:16 921697                     /lib/x86_64-linux-gnu/libpng12.so.0.50.0
7f17b0c22000-7f17b0c66000 r-xp 00000000 08:16 921596                     /lib/x86_64-linux-gnu/libdbus-1.so.3.7.6
7f17b0c66000-7f17b0e65000 ---p 00044000 08:16 921596                     /lib/x86_64-linux-gnu/libdbus-1.so.3.7.6
7f17b0e65000-7f17b0e66000 r--p 00043000 08:16 921596                     /lib/x86_64-linux-gnu/libdbus-1.so.3.7.6
7f17b0e66000-7f17b0e67000 rw-p 00044000 08:16 921596                     /lib/x86_64-linux-gnu/libdbus-1.so.3.7.6
7f17b0e67000-7f17b0ea2000 r-xp 00000000 08:16 5382910                    /usr/lib/x86_64-linux-gnu/libp11-kit.so.0.0.0
7f17b0ea2000-7f17b10a1000 ---p 0003b000 08:16 5382910                    /usr/lib/x86_64-linux-gnu/libp11-kit.so.0.0.0
7f17b10a1000-7f17b10a7000 r--p 0003a000 08:16 5382910                    /usr/lib/x86_64-linux-gnu/libp11-kit.so.0.0.0
7f17b10a7000-7f17b10a9000 rw-p 00040000 08:16 5382910                    /usr/lib/x86_64-linux-gnu/libp11-kit.so.0.0.0
7f17b10a9000-7f17b10bb000 r-xp 00000000 08:16 5373995                    /usr/lib/x86_64-linux-gnu/libtasn1.so.6.2.0
7f17b10bb000-7f17b12bb000 ---p 00012000 08:16 5373995                    /usr/lib/x86_64-linux-gnu/libtasn1.so.6.2.0
7f17b12bb000-7f17b12bc000 r--p 00012000 08:16 5373995                    /usr/lib/x86_64-linux-gnu/libtasn1.so.6.2.0
7f17b12bc000-7f17b12bd000 rw-p 00013000 08:16 5373995                    /usr/lib/x86_64-linux-gnu/libtasn1.so.6.2.0
7f17b12bd000-7f17b1339000 r-xp 00000000 08:16 921589                     /lib/x86_64-linux-gnu/libgcrypt.so.11.8.2
7f17b1339000-7f17b1539000 ---p 0007c000 08:16 921589                     /lib/x86_64-linux-gnu/libgcrypt.so.11.8.2
7f17b1539000-7f17b153a000 r--p 0007c000 08:16 921589                     /lib/x86_64-linux-gnu/libgcrypt.so.11.8.2
7f17b153a000-7f17b153d000 rw-p 0007d000 08:16 921589                     /lib/x86_64-linux-gnu/libgcrypt.so.11.8.2
7f17b153d000-7f17b1547000 r-xp 00000000 08:16 5382793                    /usr/lib/x86_64-linux-gnu/libkrb5support.so.0.1
7f17b1547000-7f17b1746000 ---p 0000a000 08:16 5382793                    /usr/lib/x86_64-linux-gnu/libkrb5support.so.0.1
7f17b1746000-7f17b1747000 r--p 00009000 08:16 5382793                    /usr/lib/x86_64-linux-gnu/libkrb5support.so.0.1
7f17b1747000-7f17b1748000 rw-p 0000a000 08:16 5382793                    /usr/lib/x86_64-linux-gnu/libkrb5support.so.0.1
7f17b1748000-7f17b174b000 r-xp 00000000 08:16 921562                     /lib/x86_64-linux-gnu/libcom_err.so.2.1
7f17b174b000-7f17b194a000 ---p 00003000 08:16 921562                     /lib/x86_64-linux-gnu/libcom_err.so.2.1
7f17b194a000-7f17b194b000 r--p 00002000 08:16 921562                     /lib/x86_64-linux-gnu/libcom_err.so.2.1
7f17b194b000-7f17b194c000 rw-p 00003000 08:16 921562                     /lib/x86_64-linux-gnu/libcom_err.so.2.1
7f17b194c000-7f17b1978000 r-xp 00000000 08:16 5382787                    /usr/lib/x86_64-linux-gnu/libk5crypto.so.3.1
7f17b1978000-7f17b1b77000 ---p 0002c000 08:16 5382787                    /usr/lib/x86_64-linux-gnu/libk5crypto.so.3.1
7f17b1b77000-7f17b1b79000 r--p 0002b000 08:16 5382787                    /usr/lib/x86_64-linux-gnu/libk5crypto.so.3.1
7f17b1b79000-7f17b1b7a000 rw-p 0002d000 08:16 5382787                    /usr/lib/x86_64-linux-gnu/libk5crypto.so.3.1
7f17b1b7a000-7f17b1b7b000 rw-p 00000000 00:00 0 
7f17b1b7b000-7f17b1c37000 r-xp 00000000 08:16 5382791                    /usr/lib/x86_64-linux-gnu/libkrb5.so.3.3
7f17b1c37000-7f17b1e37000 ---p 000bc000 08:16 5382791                    /usr/lib/x86_64-linux-gnu/libkrb5.so.3.3
7f17b1e37000-7f17b1e44000 r--p 000bc000 08:16 5382791                    /usr/lib/x86_64-linux-gnu/libkrb5.so.3.3
7f17b1e44000-7f17b1e46000 rw-p 000c9000 08:16 5382791                    /usr/lib/x86_64-linux-gnu/libkrb5.so.3.3
7f17b1e46000-7f17b1e4b000 r-xp 00000000 08:16 5382194                    /usr/lib/x86_64-linux-gnu/libXdmcp.so.6.0.0
7f17b1e4b000-7f17b204a000 ---p 00005000 08:16 5382194                    /usr/lib/x86_64-linux-gnu/libXdmcp.so.6.0.0
7f17b204a000-7f17b204b000 r--p 00004000 08:16 5382194                    /usr/lib/x86_64-linux-gnu/libXdmcp.so.6.0.0
7f17b204b000-7f17b204c000 rw-p 00005000 08:16 5382194                    /usr/lib/x86_64-linux-gnu/libXdmcp.so.6.0.0
7f17b204c000-7f17b204e000 r-xp 00000000 08:16 5382183                    /usr/lib/x86_64-linux-gnu/libXau.so.6.0.0
7f17b204e000-7f17b224e000 ---p 00002000 08:16 5382183                    /usr/lib/x86_64-linux-gnu/libXau.so.6.0.0
7f17b224e000-7f17b224f000 r--p 00002000 08:16 5382183                    /usr/lib/x86_64-linux-gnu/libXau.so.6.0.0
7f17b224f000-7f17b2250000 rw-p 00003000 08:16 5382183                    /usr/lib/x86_64-linux-gnu/libXau.so.6.0.0
7f17b2250000-7f17b2257000 r-xp 00000000 08:16 5382465                    /usr/lib/x86_64-linux-gnu/libffi.so.6.0.1
7f17b2257000-7f17b2456000 ---p 00007000 08:16 5382465                    /usr/lib/x86_64-linux-gnu/libffi.so.6.0.1
7f17b2456000-7f17b2457000 r--p 00006000 08:16 5382465                    /usr/lib/x86_64-linux-gnu/libffi.so.6.0.1
7f17b2457000-7f17b2458000 rw-p 00007000 08:16 5382465                    /usr/lib/x86_64-linux-gnu/libffi.so.6.0.1
7f17b2458000-7f17b246f000 r-xp 00000000 08:16 917509                     /lib/x86_64-linux-gnu/libresolv-2.19.so
7f17b246f000-7f17b266f000 ---p 00017000 08:16 917509                     /lib/x86_64-linux-gnu/libresolv-2.19.so
7f17b266f000-7f17b2670000 r--p 00017000 08:16 917509                     /lib/x86_64-linux-gnu/libresolv-2.19.so
7f17b2670000-7f17b2671000 rw-p 00018000 08:16 917509                     /lib/x86_64-linux-gnu/libresolv-2.19.so
7f17b2671000-7f17b2673000 rw-p 00000000 00:00 0 
7f17b2673000-7f17b2693000 r-xp 00000000 08:16 921712                     /lib/x86_64-linux-gnu/libselinux.so.1
7f17b2693000-7f17b2892000 ---p 00020000 08:16 921712                     /lib/x86_64-linux-gnu/libselinux.so.1
7f17b2892000-7f17b2893000 r--p 0001f000 08:16 921712                     /lib/x86_64-linux-gnu/libselinux.so.1
7f17b2893000-7f17b2894000 rw-p 00020000 08:16 921712                     /lib/x86_64-linux-gnu/libselinux.so.1
7f17b2894000-7f17b2896000 rw-p 00000000 00:00 0 
7f17b2896000-7f17b299c000 r-xp 00000000 08:16 921613                     /lib/x86_64-linux-gnu/libglib-2.0.so.0.4002.0
7f17b299c000-7f17b2b9b000 ---p 00106000 08:16 921613                     /lib/x86_64-linux-gnu/libglib-2.0.so.0.4002.0
7f17b2b9b000-7f17b2b9c000 r--p 00105000 08:16 921613                     /lib/x86_64-linux-gnu/libglib-2.0.so.0.4002.0
7f17b2b9c000-7f17b2b9d000 rw-p 00106000 08:16 921613                     /lib/x86_64-linux-gnu/libglib-2.0.so.0.4002.0
7f17b2b9d000-7f17b2b9e000 rw-p 00000000 00:00 0 
7f17b2b9e000-7f17b2ba1000 r-xp 00000000 08:16 5382578                    /usr/lib/x86_64-linux-gnu/libgmodule-2.0.so.0.4002.0
7f17b2ba1000-7f17b2da0000 ---p 00003000 08:16 5382578                    /usr/lib/x86_64-linux-gnu/libgmodule-2.0.so.0.4002.0
7f17b2da0000-7f17b2da1000 r--p 00002000 08:16 5382578                    /usr/lib/x86_64-linux-gnu/libgmodule-2.0.so.0.4002.0
7f17b2da1000-7f17b2da2000 rw-p 00003000 08:16 5382578                    /usr/lib/x86_64-linux-gnu/libgmodule-2.0.so.0.4002.0
7f17b2da2000-7f17b2dc9000 r-xp 00000000 08:16 921604                     /lib/x86_64-linux-gnu/libexpat.so.1.6.0
7f17b2dc9000-7f17b2fc9000 ---p 00027000 08:16 921604                     /lib/x86_64-linux-gnu/libexpat.so.1.6.0
7f17b2fc9000-7f17b2fcb000 r--p 00027000 08:16 921604                     /lib/x86_64-linux-gnu/libexpat.so.1.6.0
7f17b2fcb000-7f17b2fcc000 rw-p 00029000 08:16 921604                     /lib/x86_64-linux-gnu/libexpat.so.1.6.0
7f17b2fcc000-7f17b3069000 r-xp 00000000 08:16 5376146                    /usr/lib/x86_64-linux-gnu/libfreetype.so.6.11.1
7f17b3069000-7f17b3268000 ---p 0009d000 08:16 5376146                    /usr/lib/x86_64-linux-gnu/libfreetype.so.6.11.1
7f17b3268000-7f17b326e000 r--p 0009c000 08:16 5376146                    /usr/lib/x86_64-linux-gnu/libfreetype.so.6.11.1
7f17b326e000-7f17b326f000 rw-p 000a2000 08:16 5376146                    /usr/lib/x86_64-linux-gnu/libfreetype.so.6.11.1
7f17b326f000-7f17b327e000 r-xp 00000000 08:16 5382287                    /usr/lib/x86_64-linux-gnu/libavahi-client.so.3.2.9
7f17b327e000-7f17b347e000 ---p 0000f000 08:16 5382287                    /usr/lib/x86_64-linux-gnu/libavahi-client.so.3.2.9
7f17b347e000-7f17b347f000 r--p 0000f000 08:16 5382287                    /usr/lib/x86_64-linux-gnu/libavahi-client.so.3.2.9
7f17b347f000-7f17b3480000 rw-p 00010000 08:16 5382287                    /usr/lib/x86_64-linux-gnu/libavahi-client.so.3.2.9
7f17b3480000-7f17b348b000 r-xp 00000000 08:16 5382289                    /usr/lib/x86_64-linux-gnu/libavahi-common.so.3.5.3
7f17b348b000-7f17b368a000 ---p 0000b000 08:16 5382289                    /usr/lib/x86_64-linux-gnu/libavahi-common.so.3.5.3
7f17b368a000-7f17b368b000 r--p 0000a000 08:16 5382289                    /usr/lib/x86_64-linux-gnu/libavahi-common.so.3.5.3
7f17b368b000-7f17b368c000 rw-p 0000b000 08:16 5382289                    /usr/lib/x86_64-linux-gnu/libavahi-common.so.3.5.3
7f17b368c000-7f17b3742000 r-xp 00000000 08:16 5374002                    /usr/lib/x86_64-linux-gnu/libgnutls.so.26.22.6
7f17b3742000-7f17b3942000 ---p 000b6000 08:16 5374002                    /usr/lib/x86_64-linux-gnu/libgnutls.so.26.22.6
7f17b3942000-7f17b3948000 r--p 000b6000 08:16 5374002                    /usr/lib/x86_64-linux-gnu/libgnutls.so.26.22.6
7f17b3948000-7f17b3949000 rw-p 000bc000 08:16 5374002                    /usr/lib/x86_64-linux-gnu/libgnutls.so.26.22.6
7f17b3949000-7f17b394a000 rw-p 00000000 00:00 0 
7f17b394a000-7f17b398d000 r-xp 00000000 08:16 5382621                    /usr/lib/x86_64-linux-gnu/libgssapi_krb5.so.2.2
7f17b398d000-7f17b3b8d000 ---p 00043000 08:16 5382621                    /usr/lib/x86_64-linux-gnu/libgssapi_krb5.so.2.2
7f17b3b8d000-7f17b3b8e000 r--p 00043000 08:16 5382621                    /usr/lib/x86_64-linux-gnu/libgssapi_krb5.so.2.2
7f17b3b8e000-7f17b3b90000 rw-p 00044000 08:16 5382621                    /usr/lib/x86_64-linux-gnu/libgssapi_krb5.so.2.2
7f17b3b90000-7f17b3bad000 r-xp 00000000 08:16 5383251                    /usr/lib/x86_64-linux-gnu/libxcb.so.1.1.0
7f17b3bad000-7f17b3dad000 ---p 0001d000 08:16 5383251                    /usr/lib/x86_64-linux-gnu/libxcb.so.1.1.0
7f17b3dad000-7f17b3dae000 r--p 0001d000 08:16 5383251                    /usr/lib/x86_64-linux-gnu/libxcb.so.1.1.0
7f17b3dae000-7f17b3daf000 rw-p 0001e000 08:16 5383251                    /usr/lib/x86_64-linux-gnu/libxcb.so.1.1.0
7f17b3daf000-7f17b3dfe000 r-xp 00000000 08:16 5382594                    /usr/lib/x86_64-linux-gnu/libgobject-2.0.so.0.4002.0
7f17b3dfe000-7f17b3ffe000 ---p 0004f000 08:16 5382594                    /usr/lib/x86_64-linux-gnu/libgobject-2.0.so.0.4002.0
7f17b3ffe000-7f17b3fff000 r--p 0004f000 08:16 5382594                    /usr/lib/x86_64-linux-gnu/libgobject-2.0.so.0.4002.0
7f17b3fff000-7f17b4000000 rw-p 00050000 08:16 5382594                    /usr/lib/x86_64-linux-gnu/libgobject-2.0.so.0.4002.0
7f17b4000000-7f17b4021000 rw-p 00000000 00:00 0 
7f17b4021000-7f17b8000000 ---p 00000000 00:00 0 
7f17b8000000-7f17b8021000 rw-p 00000000 00:00 0 
7f17b8021000-7f17bc000000 ---p 00000000 00:00 0 
7f17bc000000-7f17bc021000 rw-p 00000000 00:00 0 
7f17bc021000-7f17c0000000 ---p 00000000 00:00 0 
7f17c008d000-7f17c0090000 ---p 00000000 00:00 0 
7f17c0090000-7f17c018e000 rw-p 00000000 00:00 0                          [stack:18430]
7f17c018e000-7f17c02fa000 r-xp 00000000 08:16 5382566                    /usr/lib/x86_64-linux-gnu/libgio-2.0.so.0.4002.0
7f17c02fa000-7f17c04f9000 ---p 0016c000 08:16 5382566                    /usr/lib/x86_64-linux-gnu/libgio-2.0.so.0.4002.0
7f17c04f9000-7f17c04fd000 r--p 0016b000 08:16 5382566                    /usr/lib/x86_64-linux-gnu/libgio-2.0.so.0.4002.0
7f17c04fd000-7f17c04ff000 rw-p 0016f000 08:16 5382566                    /usr/lib/x86_64-linux-gnu/libgio-2.0.so.0.4002.0
7f17c04ff000-7f17c0501000 rw-p 00000000 00:00 0 
7f17c0501000-7f17c053b000 r-xp 00000000 08:16 5382479                    /usr/lib/x86_64-linux-gnu/libfontconfig.so.1.8.0
7f17c053b000-7f17c073a000 ---p 0003a000 08:16 5382479                    /usr/lib/x86_64-linux-gnu/libfontconfig.so.1.8.0
7f17c073a000-7f17c073c000 r--p 00039000 08:16 5382479                    /usr/lib/x86_64-linux-gnu/libfontconfig.so.1.8.0
7f17c073c000-7f17c073d000 rw-p 0003b000 08:16 5382479                    /usr/lib/x86_64-linux-gnu/libfontconfig.so.1.8.0
7f17c073d000-7f17c07a9000 r-xp 00000000 08:16 5374074                    /usr/lib/x86_64-linux-gnu/libcups.so.2
7f17c07a9000-7f17c09a9000 ---p 0006c000 08:16 5374074                    /usr/lib/x86_64-linux-gnu/libcups.so.2
7f17c09a9000-7f17c09b0000 r--p 0006c000 08:16 5374074                    /usr/lib/x86_64-linux-gnu/libcups.so.2
7f17c09b0000-7f17c09b1000 rw-p 00073000 08:16 5374074                    /usr/lib/x86_64-linux-gnu/libcups.so.2
7f17c09b1000-7f17c09c0000 r-xp 00000000 08:16 5376151                    /usr/lib/x86_64-linux-gnu/libXi.so.6.1.0
7f17c09c0000-7f17c0bbf000 ---p 0000f000 08:16 5376151                    /usr/lib/x86_64-linux-gnu/libXi.so.6.1.0
7f17c0bbf000-7f17c0bc0000 r--p 0000e000 08:16 5376151                    /usr/lib/x86_64-linux-gnu/libXi.so.6.1.0
7f17c0bc0000-7f17c0bc1000 rw-p 0000f000 08:16 5376151                    /usr/lib/x86_64-linux-gnu/libXi.so.6.1.0
7f17c0bc1000-7f17c0bc6000 r-xp 00000000 08:16 5382224                    /usr/lib/x86_64-linux-gnu/libXtst.so.6.1.0
7f17c0bc6000-7f17c0dc5000 ---p 00005000 08:16 5382224                    /usr/lib/x86_64-linux-gnu/libXtst.so.6.1.0
7f17c0dc5000-7f17c0dc6000 r--p 00004000 08:16 5382224                    /usr/lib/x86_64-linux-gnu/libXtst.so.6.1.0
7f17c0dc6000-7f17c0dc7000 rw-p 00005000 08:16 5382224                    /usr/lib/x86_64-linux-gnu/libXtst.so.6.1.0
7f17c0dc7000-7f17c0dd0000 r-xp 00000000 08:16 5376155                    /usr/lib/x86_64-linux-gnu/libXrender.so.1.3.0
7f17c0dd0000-7f17c0fcf000 ---p 00009000 08:16 5376155                    /usr/lib/x86_64-linux-gnu/libXrender.so.1.3.0
7f17c0fcf000-7f17c0fd0000 r--p 00008000 08:16 5376155                    /usr/lib/x86_64-linux-gnu/libXrender.so.1.3.0
7f17c0fd0000-7f17c0fd1000 rw-p 00009000 08:16 5376155                    /usr/lib/x86_64-linux-gnu/libXrender.so.1.3.0
7f17c0fd1000-7f17c1101000 r-xp 00000000 08:16 5382179                    /usr/lib/x86_64-linux-gnu/libX11.so.6.3.0
7f17c1101000-7f17c1301000 ---p 00130000 08:16 5382179                    /usr/lib/x86_64-linux-gnu/libX11.so.6.3.0
7f17c1301000-7f17c1302000 r--p 00130000 08:16 5382179                    /usr/lib/x86_64-linux-gnu/libX11.so.6.3.0
7f17c1302000-7f17c1306000 rw-p 00131000 08:16 5382179                    /usr/lib/x86_64-linux-gnu/libX11.so.6.3.0
7f17c1306000-7f17c1317000 r-xp 00000000 08:16 5375160                    /usr/lib/x86_64-linux-gnu/libXext.so.6.4.0
7f17c1317000-7f17c1516000 ---p 00011000 08:16 5375160                    /usr/lib/x86_64-linux-gnu/libXext.so.6.4.0
7f17c1516000-7f17c1517000 r--p 00010000 08:16 5375160                    /usr/lib/x86_64-linux-gnu/libXext.so.6.4.0
7f17c1517000-7f17c1518000 rw-p 00011000 08:16 5375160                    /usr/lib/x86_64-linux-gnu/libXext.so.6.4.0
7f17c1525000-7f17c152f000 r--s 000ae000 08:16 272370                     /usr/lib/jvm/java-7-openjdk-amd64/jre/lib/resources.jar
7f17c152f000-7f17c1577000 r-xp 00000000 08:16 397832                     /usr/lib/jvm/java-7-openjdk-amd64/jre/lib/amd64/xawt/libmawt.so
7f17c1577000-7f17c1776000 ---p 00048000 08:16 397832                     /usr/lib/jvm/java-7-openjdk-amd64/jre/lib/amd64/xawt/libmawt.so
7f17c1776000-7f17c1777000 r--p 00047000 08:16 397832                     /usr/lib/jvm/java-7-openjdk-amd64/jre/lib/amd64/xawt/libmawt.so
7f17c1777000-7f17c177a000 rw-p 00048000 08:16 397832                     /usr/lib/jvm/java-7-openjdk-amd64/jre/lib/amd64/xawt/libmawt.so
7f17c177a000-7f17c177b000 rw-p 00000000 00:00 0 
7f17c177b000-7f17c181b000 r-xp 00000000 08:16 272374                     /usr/lib/jvm/java-7-openjdk-amd64/jre/lib/amd64/libawt.so
7f17c181b000-7f17c1a1b000 ---p 000a0000 08:16 272374                     /usr/lib/jvm/java-7-openjdk-amd64/jre/lib/amd64/libawt.so
7f17c1a1b000-7f17c1a1c000 r--p 000a0000 08:16 272374                     /usr/lib/jvm/java-7-openjdk-amd64/jre/lib/amd64/libawt.so
7f17c1a1c000-7f17c1a27000 rw-p 000a1000 08:16 272374                     /usr/lib/jvm/java-7-openjdk-amd64/jre/lib/amd64/libawt.so
7f17c1a27000-7f17c1a4c000 rw-p 00000000 00:00 0 
7f17c1a4c000-7f17c1a4d000 ---p 00000000 00:00 0 
7f17c1a4d000-7f17c1b4d000 rw-p 00000000 00:00 0                          [stack:18429]
7f17c1b4d000-7f17c1b50000 ---p 00000000 00:00 0 
7f17c1b50000-7f17c1c4e000 rw-p 00000000 00:00 0                          [stack:18428]
7f17c1c4e000-7f17c1c51000 ---p 00000000 00:00 0 
7f17c1c51000-7f17c1d4f000 rw-p 00000000 00:00 0                          [stack:18427]
7f17c1d4f000-7f17c1d52000 ---p 00000000 00:00 0 
7f17c1d52000-7f17c1e50000 rw-p 00000000 00:00 0                          [stack:18426]
7f17c1e50000-7f17c1e53000 ---p 00000000 00:00 0 
7f17c1e53000-7f17c1f51000 rw-p 00000000 00:00 0                          [stack:18425]
7f17c1f51000-7f17c2633000 r--p 00000000 08:16 5381132                    /usr/lib/locale/locale-archive
7f17c2633000-7f17c2636000 ---p 00000000 00:00 0 
7f17c2636000-7f17c2734000 rw-p 00000000 00:00 0                          [stack:18424]
7f17c2734000-7f17c2737000 ---p 00000000 00:00 0 
7f17c2737000-7f17c2835000 rw-p 00000000 00:00 0                          [stack:18423]
7f17c2835000-7f17c2836000 ---p 00000000 00:00 0 
7f17c2836000-7f17c3933000 rw-p 00000000 00:00 0                          [stack:18422]
7f17c3933000-7f17c3ae4000 r--s 01d27000 08:16 272411                     /usr/lib/jvm/java-7-openjdk-amd64/jre/lib/rt.jar
7f17c3ae4000-7f17c3fe9000 rw-p 00000000 00:00 0 
7f17c3fe9000-7f17c3fea000 ---p 00000000 00:00 0 
7f17c3fea000-7f17c40ea000 rw-p 00000000 00:00 0                          [stack:18421]
7f17c40ea000-7f17c40eb000 ---p 00000000 00:00 0 
7f17c40eb000-7f17c41eb000 rw-p 00000000 00:00 0                          [stack:18420]
7f17c41eb000-7f17c41ec000 ---p 00000000 00:00 0 
7f17c41ec000-7f17c4316000 rw-p 00000000 00:00 0                          [stack:18419]
7f17c4316000-7f17c4582000 rw-p 00000000 00:00 0 
7f17c4582000-7f17c458d000 rw-p 00000000 00:00 0 
7f17c458d000-7f17c45d5000 rw-p 00000000 00:00 0 
7f17c45d5000-7f17c45ff000 rw-p 00000000 00:00 0 
7f17c45ff000-7f17c486b000 rw-p 00000000 00:00 0 
7f17c486b000-7f17c4939000 rw-p 00000000 00:00 0 
7f17c4939000-7f17c49b6000 rw-p 00000000 00:00 0 
7f17c49b6000-7f17c49b7000 rw-p 00000000 00:00 0 
7f17c49b7000-7f17c4c27000 rwxp 00000000 00:00 0 
7f17c4c27000-7f17c79b7000 rw-p 00000000 00:00 0 
7f17c79b7000-7f17c79bf000 r-xp 00000000 08:16 272386                     /usr/lib/jvm/java-7-openjdk-amd64/jre/lib/amd64/libzip.so
7f17c79bf000-7f17c7bbe000 ---p 00008000 08:16 272386                     /usr/lib/jvm/java-7-openjdk-amd64/jre/lib/amd64/libzip.so
7f17c7bbe000-7f17c7bbf000 r--p 00007000 08:16 272386                     /usr/lib/jvm/java-7-openjdk-amd64/jre/lib/amd64/libzip.so
7f17c7bbf000-7f17c7bc0000 rw-p 00008000 08:16 272386                     /usr/lib/jvm/java-7-openjdk-amd64/jre/lib/amd64/libzip.so
7f17c7bc0000-7f17c7beb000 r-xp 00000000 08:16 272403                     /usr/lib/jvm/java-7-openjdk-amd64/jre/lib/amd64/libjava.so
7f17c7beb000-7f17c7deb000 ---p 0002b000 08:16 272403                     /usr/lib/jvm/java-7-openjdk-amd64/jre/lib/amd64/libjava.so
7f17c7deb000-7f17c7dec000 r--p 0002b000 08:16 272403                     /usr/lib/jvm/java-7-openjdk-amd64/jre/lib/amd64/libjava.so
7f17c7dec000-7f17c7dee000 rw-p 0002c000 08:16 272403                     /usr/lib/jvm/java-7-openjdk-amd64/jre/lib/amd64/libjava.so
7f17c7dee000-7f17c7dfe000 r-xp 00000000 08:16 272400                     /usr/lib/jvm/java-7-openjdk-amd64/jre/lib/amd64/libverify.so
7f17c7dfe000-7f17c7ffd000 ---p 00010000 08:16 272400                     /usr/lib/jvm/java-7-openjdk-amd64/jre/lib/amd64/libverify.so
7f17c7ffd000-7f17c7fff000 r--p 0000f000 08:16 272400                     /usr/lib/jvm/java-7-openjdk-amd64/jre/lib/amd64/libverify.so
7f17c7fff000-7f17c8000000 rw-p 00011000 08:16 272400                     /usr/lib/jvm/java-7-openjdk-amd64/jre/lib/amd64/libverify.so
7f17c8000000-7f17c8287000 rw-p 00000000 00:00 0 
7f17c8287000-7f17cc000000 ---p 00000000 00:00 0 
7f17cc008000-7f17cc00c000 r--s 00034000 08:16 272419                     /usr/lib/jvm/java-7-openjdk-amd64/jre/lib/ext/sunjce_provider.jar
7f17cc00c000-7f17cc00d000 ---p 00000000 00:00 0 
7f17cc00d000-7f17cc117000 rw-p 00000000 00:00 0                          [stack:18418]
7f17cc117000-7f17cc1cd000 rw-p 00000000 00:00 0 
7f17cc1cd000-7f17cc1d4000 r-xp 00000000 08:16 917606                     /lib/x86_64-linux-gnu/librt-2.19.so
7f17cc1d4000-7f17cc3d3000 ---p 00007000 08:16 917606                     /lib/x86_64-linux-gnu/librt-2.19.so
7f17cc3d3000-7f17cc3d4000 r--p 00006000 08:16 917606                     /lib/x86_64-linux-gnu/librt-2.19.so
7f17cc3d4000-7f17cc3d5000 rw-p 00007000 08:16 917606                     /lib/x86_64-linux-gnu/librt-2.19.so
7f17cc3d5000-7f17cc3eb000 r-xp 00000000 08:16 921609                     /lib/x86_64-linux-gnu/libgcc_s.so.1
7f17cc3eb000-7f17cc5ea000 ---p 00016000 08:16 921609                     /lib/x86_64-linux-gnu/libgcc_s.so.1
7f17cc5ea000-7f17cc5eb000 rw-p 00015000 08:16 921609                     /lib/x86_64-linux-gnu/libgcc_s.so.1
7f17cc5eb000-7f17cc6f0000 r-xp 00000000 08:16 917519                     /lib/x86_64-linux-gnu/libm-2.19.so
7f17cc6f0000-7f17cc8ef000 ---p 00105000 08:16 917519                     /lib/x86_64-linux-gnu/libm-2.19.so
7f17cc8ef000-7f17cc8f0000 r--p 00104000 08:16 917519                     /lib/x86_64-linux-gnu/libm-2.19.so
7f17cc8f0000-7f17cc8f1000 rw-p 00105000 08:16 917519                     /lib/x86_64-linux-gnu/libm-2.19.so
7f17cc8f1000-7f17cc9d7000 r-xp 00000000 08:16 5378218                    /usr/lib/x86_64-linux-gnu/libstdc++.so.6.0.19
7f17cc9d7000-7f17ccbd6000 ---p 000e6000 08:16 5378218                    /usr/lib/x86_64-linux-gnu/libstdc++.so.6.0.19
7f17ccbd6000-7f17ccbde000 r--p 000e5000 08:16 5378218                    /usr/lib/x86_64-linux-gnu/libstdc++.so.6.0.19
7f17ccbde000-7f17ccbe0000 rw-p 000ed000 08:16 5378218                    /usr/lib/x86_64-linux-gnu/libstdc++.so.6.0.19
7f17ccbe0000-7f17ccbf5000 rw-p 00000000 00:00 0 
7f17ccbf5000-7f17cd70d000 r-xp 00000000 08:16 272409                     /usr/lib/jvm/java-7-openjdk-amd64/jre/lib/amd64/server/libjvm.so
7f17cd70d000-7f17cd90d000 ---p 00b18000 08:16 272409                     /usr/lib/jvm/java-7-openjdk-amd64/jre/lib/amd64/server/libjvm.so
7f17cd90d000-7f17cd9a7000 r--p 00b18000 08:16 272409                     /usr/lib/jvm/java-7-openjdk-amd64/jre/lib/amd64/server/libjvm.so
7f17cd9a7000-7f17cd9ca000 rw-p 00bb2000 08:16 272409                     /usr/lib/jvm/java-7-openjdk-amd64/jre/lib/amd64/server/libjvm.so
7f17cd9ca000-7f17cd9f8000 rw-p 00000000 00:00 0 
7f17cd9f8000-7f17cda10000 r-xp 00000000 08:16 921745                     /lib/x86_64-linux-gnu/libz.so.1.2.8
7f17cda10000-7f17cdc0f000 ---p 00018000 08:16 921745                     /lib/x86_64-linux-gnu/libz.so.1.2.8
7f17cdc0f000-7f17cdc10000 r--p 00017000 08:16 921745                     /lib/x86_64-linux-gnu/libz.so.1.2.8
7f17cdc10000-7f17cdc11000 rw-p 00018000 08:16 921745                     /lib/x86_64-linux-gnu/libz.so.1.2.8
7f17cdc11000-7f17cdc2a000 r-xp 00000000 08:16 917604                     /lib/x86_64-linux-gnu/libpthread-2.19.so
7f17cdc2a000-7f17cde29000 ---p 00019000 08:16 917604                     /lib/x86_64-linux-gnu/libpthread-2.19.so
7f17cde29000-7f17cde2a000 r--p 00018000 08:16 917604                     /lib/x86_64-linux-gnu/libpthread-2.19.so
7f17cde2a000-7f17cde2b000 rw-p 00019000 08:16 917604                     /lib/x86_64-linux-gnu/libpthread-2.19.so
7f17cde2b000-7f17cde2f000 rw-p 00000000 00:00 0 
7f17cde2f000-7f17cde32000 r-xp 00000000 08:16 917534                     /lib/x86_64-linux-gnu/libdl-2.19.so
7f17cde32000-7f17ce031000 ---p 00003000 08:16 917534                     /lib/x86_64-linux-gnu/libdl-2.19.so
7f17ce031000-7f17ce032000 r--p 00002000 08:16 917534                     /lib/x86_64-linux-gnu/libdl-2.19.so
7f17ce032000-7f17ce033000 rw-p 00003000 08:16 917534                     /lib/x86_64-linux-gnu/libdl-2.19.so
7f17ce033000-7f17ce1ee000 r-xp 00000000 08:16 917603                     /lib/x86_64-linux-gnu/libc-2.19.so
7f17ce1ee000-7f17ce3ed000 ---p 001bb000 08:16 917603                     /lib/x86_64-linux-gnu/libc-2.19.so
7f17ce3ed000-7f17ce3f1000 r--p 001ba000 08:16 917603                     /lib/x86_64-linux-gnu/libc-2.19.so
7f17ce3f1000-7f17ce3f3000 rw-p 001be000 08:16 917603                     /lib/x86_64-linux-gnu/libc-2.19.so
7f17ce3f3000-7f17ce3f8000 rw-p 00000000 00:00 0 
7f17ce3f8000-7f17ce405000 r-xp 00000000 08:16 272378                     /usr/lib/jvm/java-7-openjdk-amd64/jre/lib/amd64/jli/libjli.so
7f17ce405000-7f17ce604000 ---p 0000d000 08:16 272378                     /usr/lib/jvm/java-7-openjdk-amd64/jre/lib/amd64/jli/libjli.so
7f17ce604000-7f17ce605000 r--p 0000c000 08:16 272378                     /usr/lib/jvm/java-7-openjdk-amd64/jre/lib/amd64/jli/libjli.so
7f17ce605000-7f17ce606000 rw-p 0000d000 08:16 272378                     /usr/lib/jvm/java-7-openjdk-amd64/jre/lib/amd64/jli/libjli.so
7f17ce606000-7f17ce629000 r-xp 00000000 08:16 917600                     /lib/x86_64-linux-gnu/ld-2.19.so
7f17ce62b000-7f17ce62c000 rw-p 00000000 00:00 0 
7f17ce62c000-7f17ce62e000 r--s 00012000 08:16 272420                     /usr/lib/jvm/java-7-openjdk-amd64/jre/lib/ext/zipfs.jar
7f17ce62e000-7f17ce68c000 rw-p 00000000 00:00 0 
7f17ce68c000-7f17ce6d4000 rw-p 00000000 00:00 0 
7f17ce6d4000-7f17ce709000 r--s 00000000 08:16 1579860                    /var/cache/nscd/passwd
7f17ce709000-7f17ce70c000 ---p 00000000 00:00 0 
7f17ce70c000-7f17ce80f000 rw-p 00000000 00:00 0                          [stack:18417]
7f17ce80f000-7f17ce812000 r--s 0000f000 08:16 272415                     /usr/lib/jvm/java-7-openjdk-amd64/jre/lib/ext/icedtea-sound.jar
7f17ce812000-7f17ce814000 r--s 00006000 08:16 97184                      /usr/share/java/java-atk-wrapper.jar
7f17ce814000-7f17ce815000 r--s 00002000 08:16 272416                     /usr/lib/jvm/java-7-openjdk-amd64/jre/lib/ext/dnsns.jar
7f17ce815000-7f17ce819000 r--s 0003c000 08:16 272417                     /usr/lib/jvm/java-7-openjdk-amd64/jre/lib/ext/sunpkcs11.jar
7f17ce819000-7f17ce81c000 r--s 00086000 08:16 272418                     /usr/lib/jvm/java-7-openjdk-amd64/jre/lib/ext/localedata.jar
7f17ce81c000-7f17ce824000 rw-s 00000000 08:16 1446302                    /tmp/hsperfdata_test/18412
7f17ce824000-7f17ce825000 rw-p 00000000 00:00 0 
7f17ce825000-7f17ce826000 ---p 00000000 00:00 0 
7f17ce826000-7f17ce828000 rw-p 00000000 00:00 0 
7f17ce828000-7f17ce829000 r--p 00022000 08:16 917600                     /lib/x86_64-linux-gnu/ld-2.19.so
7f17ce829000-7f17ce82a000 rw-p 00023000 08:16 917600                     /lib/x86_64-linux-gnu/ld-2.19.so
7f17ce82a000-7f17ce82b000 rw-p 00000000 00:00 0 
7ffdc553f000-7ffdc5560000 rw-p 00000000 00:00 0                          [stack]
7ffdc5571000-7ffdc5573000 r-xp 00000000 00:00 0                          [vdso]
7ffdc5573000-7ffdc5575000 r--p 00000000 00:00 0                          [vvar]
ffffffffff600000-ffffffffff601000 r-xp 00000000 00:00 0                  [vsyscall]

VM Arguments:
jvm_args: -Dfile.encoding=UTF-8 
java_command: FireSim
Launcher Type: SUN_STANDARD

Environment Variables:
PATH=/usr/local/sbin:/usr/local/bin:/usr/sbin:/usr/bin:/sbin:/bin:/usr/games:/usr/local/games
SHELL=/bin/bash
DISPLAY=:0

Signal Handlers:
SIGSEGV: [libjvm.so+0x94b9a0], sa_mask[0]=0x7ffbfeff, sa_flags=0x10000004
SIGBUS: [libjvm.so+0x94b9a0], sa_mask[0]=0x7ffbfeff, sa_flags=0x10000004
SIGFPE: [libjvm.so+0x7c3880], sa_mask[0]=0x7ffbfeff, sa_flags=0x10000004
SIGPIPE: [libjvm.so+0x7c3880], sa_mask[0]=0x7ffbfeff, sa_flags=0x10000004
SIGXFSZ: [libjvm.so+0x7c3880], sa_mask[0]=0x7ffbfeff, sa_flags=0x10000004
SIGILL: [libjvm.so+0x7c3880], sa_mask[0]=0x7ffbfeff, sa_flags=0x10000004
SIGUSR1: SIG_DFL, sa_mask[0]=0x00000000, sa_flags=0x00000000
SIGUSR2: [libjvm.so+0x7c3720], sa_mask[0]=0x00000004, sa_flags=0x10000004
SIGHUP: [libjvm.so+0x7c3900], sa_mask[0]=0x7ffbfeff, sa_flags=0x10000004
SIGINT: [libjvm.so+0x7c3900], sa_mask[0]=0x7ffbfeff, sa_flags=0x10000004
SIGTERM: [libjvm.so+0x7c3900], sa_mask[0]=0x7ffbfeff, sa_flags=0x10000004
SIGQUIT: [libjvm.so+0x7c3900], sa_mask[0]=0x7ffbfeff, sa_flags=0x10000004
SIGTRAP: SIG_DFL, sa_mask[0]=0x00000000, sa_flags=0x00000000


---------------  S Y S T E M  ---------------

OS:Ubuntu 14.04 (trusty)
uname:Linux 3.16.0-41-generic #57~14.04.1-Ubuntu SMP Thu Jun 18 18:01:13 UTC 2015 x86_64
libc:glibc 2.19 NPTL 2.19 
rlimit: STACK 8192k, CORE 0k, NPROC 31668, NOFILE 4096, AS infinity
load average:1.36 0.92 0.71

/proc/meminfo:
MemTotal:        8128588 kB
MemFree:          120532 kB
MemAvailable:     101280 kB
Buffers:            4132 kB
Cached:           195136 kB
SwapCached:            0 kB
Active:          7661040 kB
Inactive:         124036 kB
Active(anon):    7586864 kB
Inactive(anon):    92780 kB
Active(file):      74176 kB
Inactive(file):    31256 kB
Unevictable:          32 kB
Mlocked:              32 kB
SwapTotal:             0 kB
SwapFree:              0 kB
Dirty:               756 kB
Writeback:             0 kB
AnonPages:       7586012 kB
Mapped:           176692 kB
Shmem:             93836 kB
Slab:              61860 kB
SReclaimable:      25008 kB
SUnreclaim:        36852 kB
KernelStack:       23344 kB
PageTables:        58248 kB
NFS_Unstable:          0 kB
Bounce:                0 kB
WritebackTmp:          0 kB
CommitLimit:     4064292 kB
Committed_AS:   18378324 kB
VmallocTotal:   34359738367 kB
VmallocUsed:      102800 kB
VmallocChunk:   34359612372 kB
HardwareCorrupted:     0 kB
AnonHugePages:   5384192 kB
HugePages_Total:       0
HugePages_Free:        0
HugePages_Rsvd:        0
HugePages_Surp:        0
Hugepagesize:       2048 kB
DirectMap4k:       81052 kB
DirectMap2M:     1968128 kB
DirectMap1G:     6291456 kB


CPU:total 4 (4 cores per cpu, 1 threads per core) family 6 model 60 stepping 3, cmov, cx8, fxsr, mmx, sse, sse2, sse3, ssse3, sse4.1, sse4.2, popcnt, avx, avx2, aes, erms, tsc, tscinvbit

/proc/cpuinfo:
processor	: 0
vendor_id	: GenuineIntel
cpu family	: 6
model		: 60
model name	: Intel(R) Core(TM) i5-4570 CPU @ 3.20GHz
stepping	: 3
microcode	: 0x17
cpu MHz		: 3589.375
cache size	: 6144 KB
physical id	: 0
siblings	: 4
core id		: 0
cpu cores	: 4
apicid		: 0
initial apicid	: 0
fpu		: yes
fpu_exception	: yes
cpuid level	: 13
wp		: yes
flags		: fpu vme de pse tsc msr pae mce cx8 apic sep mtrr pge mca cmov pat pse36 clflush dts acpi mmx fxsr sse sse2 ss ht tm pbe syscall nx pdpe1gb rdtscp lm constant_tsc arch_perfmon pebs bts rep_good nopl xtopology nonstop_tsc aperfmperf eagerfpu pni pclmulqdq dtes64 monitor ds_cpl vmx smx est tm2 ssse3 fma cx16 xtpr pdcm pcid sse4_1 sse4_2 x2apic movbe popcnt tsc_deadline_timer aes xsave avx f16c rdrand lahf_lm abm ida arat epb xsaveopt pln pts dtherm tpr_shadow vnmi flexpriority ept vpid fsgsbase tsc_adjust bmi1 hle avx2 smep bmi2 erms invpcid rtm
bogomips	: 6385.78
clflush size	: 64
cache_alignment	: 64
address sizes	: 39 bits physical, 48 bits virtual
power management:

processor	: 1
vendor_id	: GenuineIntel
cpu family	: 6
model		: 60
model name	: Intel(R) Core(TM) i5-4570 CPU @ 3.20GHz
stepping	: 3
microcode	: 0x17
cpu MHz		: 3486.000
cache size	: 6144 KB
physical id	: 0
siblings	: 4
core id		: 1
cpu cores	: 4
apicid		: 2
initial apicid	: 2
fpu		: yes
fpu_exception	: yes
cpuid level	: 13
wp		: yes
flags		: fpu vme de pse tsc msr pae mce cx8 apic sep mtrr pge mca cmov pat pse36 clflush dts acpi mmx fxsr sse sse2 ss ht tm pbe syscall nx pdpe1gb rdtscp lm constant_tsc arch_perfmon pebs bts rep_good nopl xtopology nonstop_tsc aperfmperf eagerfpu pni pclmulqdq dtes64 monitor ds_cpl vmx smx est tm2 ssse3 fma cx16 xtpr pdcm pcid sse4_1 sse4_2 x2apic movbe popcnt tsc_deadline_timer aes xsave avx f16c rdrand lahf_lm abm ida arat epb xsaveopt pln pts dtherm tpr_shadow vnmi flexpriority ept vpid fsgsbase tsc_adjust bmi1 hle avx2 smep bmi2 erms invpcid rtm
bogomips	: 6385.78
clflush size	: 64
cache_alignment	: 64
address sizes	: 39 bits physical, 48 bits virtual
power management:

processor	: 2
vendor_id	: GenuineIntel
cpu family	: 6
model		: 60
model name	: Intel(R) Core(TM) i5-4570 CPU @ 3.20GHz
stepping	: 3
microcode	: 0x17
cpu MHz		: 3525.000
cache size	: 6144 KB
physical id	: 0
siblings	: 4
core id		: 2
cpu cores	: 4
apicid		: 4
initial apicid	: 4
fpu		: yes
fpu_exception	: yes
cpuid level	: 13
wp		: yes
flags		: fpu vme de pse tsc msr pae mce cx8 apic sep mtrr pge mca cmov pat pse36 clflush dts acpi mmx fxsr sse sse2 ss ht tm pbe syscall nx pdpe1gb rdtscp lm constant_tsc arch_perfmon pebs bts rep_good nopl xtopology nonstop_tsc aperfmperf eagerfpu pni pclmulqdq dtes64 monitor ds_cpl vmx smx est tm2 ssse3 fma cx16 xtpr pdcm pcid sse4_1 sse4_2 x2apic movbe popcnt tsc_deadline_timer aes xsave avx f16c rdrand lahf_lm abm ida arat epb xsaveopt pln pts dtherm tpr_shadow vnmi flexpriority ept vpid fsgsbase tsc_adjust bmi1 hle avx2 smep bmi2 erms invpcid rtm
bogomips	: 6385.78
clflush size	: 64
cache_alignment	: 64
address sizes	: 39 bits physical, 48 bits virtual
power management:

processor	: 3
vendor_id	: GenuineIntel
cpu family	: 6
model		: 60
model name	: Intel(R) Core(TM) i5-4570 CPU @ 3.20GHz
stepping	: 3
microcode	: 0x17
cpu MHz		: 3478.125
cache size	: 6144 KB
physical id	: 0
siblings	: 4
core id		: 3
cpu cores	: 4
apicid		: 6
initial apicid	: 6
fpu		: yes
fpu_exception	: yes
cpuid level	: 13
wp		: yes
flags		: fpu vme de pse tsc msr pae mce cx8 apic sep mtrr pge mca cmov pat pse36 clflush dts acpi mmx fxsr sse sse2 ss ht tm pbe syscall nx pdpe1gb rdtscp lm constant_tsc arch_perfmon pebs bts rep_good nopl xtopology nonstop_tsc aperfmperf eagerfpu pni pclmulqdq dtes64 monitor ds_cpl vmx smx est tm2 ssse3 fma cx16 xtpr pdcm pcid sse4_1 sse4_2 x2apic movbe popcnt tsc_deadline_timer aes xsave avx f16c rdrand lahf_lm abm ida arat epb xsaveopt pln pts dtherm tpr_shadow vnmi flexpriority ept vpid fsgsbase tsc_adjust bmi1 hle avx2 smep bmi2 erms invpcid rtm
bogomips	: 6385.78
clflush size	: 64
cache_alignment	: 64
address sizes	: 39 bits physical, 48 bits virtual
power management:



Memory: 4k page, physical 8128588k(120532k free), swap 0k(0k free)

vm_info: OpenJDK 64-Bit Server VM (24.79-b02) for linux-amd64 JRE (1.7.0_79-b14), built on Apr 16 2015 08:21:58 by "buildd" with gcc 4.8.2

time: Mon Dec 14 15:42:39 2015
elapsed time: 1 seconds

