#
# There is insufficient memory for the Java Runtime Environment to continue.
# Native memory allocation (malloc) failed to allocate 253231104 bytes for committing reserved memory.
# Possible reasons:
#   The system is out of physical RAM or swap space
#   In 32 bit mode, the process size limit was hit
# Possible solutions:
#   Reduce memory load on the system
#   Increase physical memory or swap space
#   Check if swap backing store is full
#   Use 64 bit Java on a 64 bit OS
#   Decrease Java heap size (-Xmx/-Xms)
#   Decrease number of Java threads
#   Decrease Java thread stack sizes (-Xss)
#   Set larger code cache with -XX:ReservedCodeCacheSize=
# This output file may be truncated or incomplete.
#
#  Out of Memory Error (os_linux.cpp:2809), pid=18342, tid=140104838354688
#
# JRE version: OpenJDK Runtime Environment (7.0_79-b14) (build 1.7.0_79-b14)
# Java VM: OpenJDK 64-Bit Server VM (24.79-b02 mixed mode linux-amd64 compressed oops)
# Derivative: IcedTea 2.5.5
# Distribution: Ubuntu 14.04 LTS, package 7u79-2.5.5-0ubuntu0.14.04.2
# Failed to write core dump. Core dumps have been disabled. To enable core dumping, try "ulimit -c unlimited" before starting Java again
#

---------------  T H R E A D  ---------------

Current thread (0x00007f6cbc073000):  VMThread [stack: 0x00007f6cb30f1000,0x00007f6cb31f2000] [id=18353]

Stack: [0x00007f6cb30f1000,0x00007f6cb31f2000],  sp=0x00007f6cb31f0490,  free space=1021k
Native frames: (J=compiled Java code, j=interpreted, Vv=VM code, C=native code)
V  [libjvm.so+0x94aec5]  VMError::report_and_die()+0x175
V  [libjvm.so+0x48b9c4]  report_vm_out_of_memory(char const*, int, unsigned long, char const*)+0x74
V  [libjvm.so+0x7c806b]  os::pd_commit_memory(char*, unsigned long, unsigned long, bool)+0xeb
V  [libjvm.so+0x7c2b0f]  os::commit_memory(char*, unsigned long, unsigned long, bool)+0x1f
V  [libjvm.so+0x83500b]  PSVirtualSpace::expand_by(unsigned long)+0x5b
V  [libjvm.so+0x835e60]  PSYoungGen::resize_generation(unsigned long, unsigned long)+0xb0
V  [libjvm.so+0x83654b]  PSYoungGen::resize(unsigned long, unsigned long)+0x1b
V  [libjvm.so+0x832830]  PSScavenge::invoke_no_policy()+0xde0
V  [libjvm.so+0x833008]  PSScavenge::invoke()+0x38
V  [libjvm.so+0x7e96f3]  ParallelScavengeHeap::failed_mem_allocate(unsigned long)+0x63
V  [libjvm.so+0x94c8c4]  VM_ParallelGCFailedAllocation::doit()+0x84
V  [libjvm.so+0x950dc7]  VM_Operation::evaluate()+0x47
V  [libjvm.so+0x94f738]  VMThread::evaluate_operation(VM_Operation*)+0x318
V  [libjvm.so+0x94fb99]  VMThread::loop()+0x219
V  [libjvm.so+0x94ffe2]  VMThread::run()+0x72
V  [libjvm.so+0x7c4f32]  java_start(Thread*)+0xf2

VM_Operation (0x00007f6ca87156f0): ParallelGCFailedAllocation, mode: safepoint, requested by thread 0x00007f6cbc229800


---------------  P R O C E S S  ---------------

Java Threads: ( => current thread )
  0x00007f6cbc008000 JavaThread "DestroyJavaVM" [_thread_blocked, id=18347, stack(0x00007f6cc2ff9000,0x00007f6cc30fa000)]
  0x00007f6cbc24e800 JavaThread "AWT-EventQueue-0" [_thread_blocked, id=18365, stack(0x00007f6ca8414000,0x00007f6ca8515000)]
  0x00007f6cbc247800 JavaThread "AWT-Shutdown" [_thread_blocked, id=18364, stack(0x00007f6ca8515000,0x00007f6ca8616000)]
  0x00007f6cbc229800 JavaThread "Thread-0" [_thread_blocked, id=18363, stack(0x00007f6ca8616000,0x00007f6ca8717000)]
  0x00007f6cbc1ee800 JavaThread "AWT-XAWT" daemon [_thread_in_native, id=18362, stack(0x00007f6ca8717000,0x00007f6ca8818000)]
  0x00007f6cbc1c9800 JavaThread "Java2D Disposer" daemon [_thread_blocked, id=18361, stack(0x00007f6ca8c28000,0x00007f6ca8d29000)]
  0x00007f6cbc0ac800 JavaThread "Service Thread" daemon [_thread_blocked, id=18359, stack(0x00007f6cb2409000,0x00007f6cb250a000)]
  0x00007f6cbc0aa000 JavaThread "C2 CompilerThread1" daemon [_thread_blocked, id=18358, stack(0x00007f6cb250a000,0x00007f6cb260b000)]
  0x00007f6cbc0a7000 JavaThread "C2 CompilerThread0" daemon [_thread_blocked, id=18357, stack(0x00007f6cb260b000,0x00007f6cb270c000)]
  0x00007f6cbc0a5000 JavaThread "Signal Dispatcher" daemon [_thread_blocked, id=18356, stack(0x00007f6cb270c000,0x00007f6cb280d000)]
  0x00007f6cbc079800 JavaThread "Finalizer" daemon [_thread_blocked, id=18355, stack(0x00007f6cb2eef000,0x00007f6cb2ff0000)]
  0x00007f6cbc077800 JavaThread "Reference Handler" daemon [_thread_blocked, id=18354, stack(0x00007f6cb2ff0000,0x00007f6cb30f1000)]

Other Threads:
=>0x00007f6cbc073000 VMThread [stack: 0x00007f6cb30f1000,0x00007f6cb31f2000] [id=18353]
  0x00007f6cbc0b7000 WatcherThread [stack: 0x00007f6cb2308000,0x00007f6cb2409000] [id=18360]

VM state:at safepoint (normal execution)

VM Mutex/Monitor currently owned by a thread:  ([mutex/lock_event])
[0x00007f6cbc006380] Threads_lock - owner thread: 0x00007f6cbc073000
[0x00007f6cbc006880] Heap_lock - owner thread: 0x00007f6cbc229800

Heap
 PSYoungGen      total 417792K, used 224K [0x00000007d6a00000, 0x00000007f0780000, 0x0000000800000000)
  eden space 412160K, 0% used [0x00000007d6a00000,0x00000007d6a00000,0x00000007efc80000)
  from space 5632K, 3% used [0x00000007efc80000,0x00000007efcb8000,0x00000007f0200000)
  to   space 5632K, 0% used [0x00000007f0200000,0x00000007f0200000,0x00000007f0780000)
 ParOldGen       total 84480K, used 3035K [0x0000000783e00000, 0x0000000789080000, 0x00000007d6a00000)
  object space 84480K, 3% used [0x0000000783e00000,0x00000007840f6d38,0x0000000789080000)
 PSPermGen       total 21504K, used 8470K [0x0000000779800000, 0x000000077ad00000, 0x0000000783e00000)
  object space 21504K, 39% used [0x0000000779800000,0x000000077a0458a0,0x000000077ad00000)

Card table byte_map: [0x00007f6cb8bcb000,0x00007f6cb9000000] byte_map_base: 0x00007f6cb4fff000

Polling page: 0x00007f6cc3115000

Code Cache  [0x00007f6cb9000000, 0x00007f6cb9270000, 0x00007f6cbc000000)
 total_blobs=540 nmethods=140 adapters=354 free_code_cache=48295Kb largest_free_block=49436672

Compilation events (10 events):
Event: 1.132 Thread 0x00007f6cbc0aa000 nmethod 132 0x00007f6cb90cf850 code [0x00007f6cb90cfa00, 0x00007f6cb90cff18]
Event: 1.132 Thread 0x00007f6cbc0aa000  136             sun.java2d.pisces.Renderer$ScanlineIterator::<init> (41 bytes)
Event: 1.132 Thread 0x00007f6cbc0a7000 nmethod 135 0x00007f6cb90b6110 code [0x00007f6cb90b6260, 0x00007f6cb90b6438]
Event: 1.132 Thread 0x00007f6cbc0a7000  138 % !         FireSim::run @ 209 (305 bytes)
Event: 1.132 Thread 0x00007f6cbc0aa000 nmethod 136 0x00007f6cb90b5d10 code [0x00007f6cb90b5e60, 0x00007f6cb90b6038]
Event: 1.132 Thread 0x00007f6cbc0aa000  139             FireSim::paint (85 bytes)
Event: 1.136 Thread 0x00007f6cbc0aa000 nmethod 139 0x00007f6cb90b5250 code [0x00007f6cb90b5420, 0x00007f6cb90b57c0]
Event: 1.148 Thread 0x00007f6cbc0a7000 nmethod 138% 0x00007f6cb90d7f90 code [0x00007f6cb90d8380, 0x00007f6cb90d9568]
Event: 1.324 Thread 0x00007f6cbc0aa000  140             sun.java2d.pipe.AlphaColorPipe::skipTile (1 bytes)
Event: 1.325 Thread 0x00007f6cbc0aa000 nmethod 140 0x00007f6cb90b5050 code [0x00007f6cb90b5180, 0x00007f6cb90b51d8]

GC Heap History (10 events):
Event: 0.873 GC heap after
Heap after GC invocations=6 (full 0):
 PSYoungGen      total 133632K, used 3189K [0x00000007d6a00000, 0x00000007df100000, 0x0000000800000000)
  eden space 129024K, 0% used [0x00000007d6a00000,0x00000007d6a00000,0x00000007de800000)
  from space 4608K, 69% used [0x00000007dec80000,0x00000007def9d460,0x00000007df100000)
  to   space 4608K, 0% used [0x00000007de800000,0x00000007de800000,0x00000007dec80000)
 ParOldGen       total 84480K, used 32K [0x0000000783e00000, 0x0000000789080000, 0x00000007d6a00000)
  object space 84480K, 0% used [0x0000000783e00000,0x0000000783e08000,0x0000000789080000)
 PSPermGen       total 21504K, used 8469K [0x0000000779800000, 0x000000077ad00000, 0x0000000783e00000)
  object space 21504K, 39% used [0x0000000779800000,0x000000077a0454a8,0x000000077ad00000)
}
Event: 1.033 GC heap before
{Heap before GC invocations=7 (full 0):
 PSYoungGen      total 133632K, used 132213K [0x00000007d6a00000, 0x00000007df100000, 0x0000000800000000)
  eden space 129024K, 100% used [0x00000007d6a00000,0x00000007de800000,0x00000007de800000)
  from space 4608K, 69% used [0x00000007dec80000,0x00000007def9d460,0x00000007df100000)
  to   space 4608K, 0% used [0x00000007de800000,0x00000007de800000,0x00000007dec80000)
 ParOldGen       total 84480K, used 32K [0x0000000783e00000, 0x0000000789080000, 0x00000007d6a00000)
  object space 84480K, 0% used [0x0000000783e00000,0x0000000783e08000,0x0000000789080000)
 PSPermGen       total 21504K, used 8469K [0x0000000779800000, 0x000000077ad00000, 0x0000000783e00000)
  object space 21504K, 39% used [0x0000000779800000,0x000000077a0454c8,0x000000077ad00000)
Event: 1.035 GC heap after
Heap after GC invocations=7 (full 0):
 PSYoungGen      total 133632K, used 416K [0x00000007d6a00000, 0x00000007e7000000, 0x0000000800000000)
  eden space 129024K, 0% used [0x00000007d6a00000,0x00000007d6a00000,0x00000007de800000)
  from space 4608K, 9% used [0x00000007de800000,0x00000007de868000,0x00000007dec80000)
  to   space 5120K, 0% used [0x00000007e6b00000,0x00000007e6b00000,0x00000007e7000000)
 ParOldGen       total 84480K, used 2299K [0x0000000783e00000, 0x0000000789080000, 0x00000007d6a00000)
  object space 84480K, 2% used [0x0000000783e00000,0x000000078403ec18,0x0000000789080000)
 PSPermGen       total 21504K, used 8469K [0x0000000779800000, 0x000000077ad00000, 0x0000000783e00000)
  object space 21504K, 39% used [0x0000000779800000,0x000000077a0454c8,0x000000077ad00000)
}
Event: 1.130 GC heap before
{Heap before GC invocations=8 (full 0):
 PSYoungGen      total 133632K, used 129440K [0x00000007d6a00000, 0x00000007e7000000, 0x0000000800000000)
  eden space 129024K, 100% used [0x00000007d6a00000,0x00000007de800000,0x00000007de800000)
  from space 4608K, 9% used [0x00000007de800000,0x00000007de868000,0x00000007dec80000)
  to   space 5120K, 0% used [0x00000007e6b00000,0x00000007e6b00000,0x00000007e7000000)
 ParOldGen       total 84480K, used 2299K [0x0000000783e00000, 0x0000000789080000, 0x00000007d6a00000)
  object space 84480K, 2% used [0x0000000783e00000,0x000000078403ec18,0x0000000789080000)
 PSPermGen       total 21504K, used 8469K [0x0000000779800000, 0x000000077ad00000, 0x0000000783e00000)
  object space 21504K, 39% used [0x0000000779800000,0x000000077a0457e0,0x000000077ad00000)
Event: 1.131 GC heap after
Heap after GC invocations=8 (full 0):
 PSYoungGen      total 262656K, used 352K [0x00000007d6a00000, 0x00000007e7100000, 0x0000000800000000)
  eden space 257536K, 0% used [0x00000007d6a00000,0x00000007d6a00000,0x00000007e6580000)
  from space 5120K, 6% used [0x00000007e6b00000,0x00000007e6b58000,0x00000007e7000000)
  to   space 5632K, 0% used [0x00000007e6580000,0x00000007e6580000,0x00000007e6b00000)
 ParOldGen       total 84480K, used 2403K [0x0000000783e00000, 0x0000000789080000, 0x00000007d6a00000)
  object space 84480K, 2% used [0x0000000783e00000,0x0000000784058c18,0x0000000789080000)
 PSPermGen       total 21504K, used 8469K [0x0000000779800000, 0x000000077ad00000, 0x0000000783e00000)
  object space 21504K, 39% used [0x0000000779800000,0x000000077a0457e0,0x000000077ad00000)
}
Event: 1.346 GC heap before
{Heap before GC invocations=9 (full 0):
 PSYoungGen      total 262656K, used 257888K [0x00000007d6a00000, 0x00000007e7100000, 0x0000000800000000)
  eden space 257536K, 100% used [0x00000007d6a00000,0x00000007e6580000,0x00000007e6580000)
  from space 5120K, 6% used [0x00000007e6b00000,0x00000007e6b58000,0x00000007e7000000)
  to   space 5632K, 0% used [0x00000007e6580000,0x00000007e6580000,0x00000007e6b00000)
 ParOldGen       total 84480K, used 2403K [0x0000000783e00000, 0x0000000789080000, 0x00000007d6a00000)
  object space 84480K, 2% used [0x0000000783e00000,0x0000000784058c18,0x0000000789080000)
 PSPermGen       total 21504K, used 8470K [0x0000000779800000, 0x000000077ad00000, 0x0000000783e00000)
  object space 21504K, 39% used [0x0000000779800000,0x000000077a0458a0,0x000000077ad00000)
Event: 1.346 GC heap after
Heap after GC invocations=9 (full 0):
 PSYoungGen      total 263168K, used 416K [0x00000007d6a00000, 0x00000007f0780000, 0x0000000800000000)
  eden space 257536K, 0% used [0x00000007d6a00000,0x00000007d6a00000,0x00000007e6580000)
  from space 5632K, 7% used [0x00000007e6580000,0x00000007e65e8000,0x00000007e6b00000)
  to   space 5632K, 0% used [0x00000007f0200000,0x00000007f0200000,0x00000007f0780000)
 ParOldGen       total 84480K, used 2555K [0x0000000783e00000, 0x0000000789080000, 0x00000007d6a00000)
  object space 84480K, 3% used [0x0000000783e00000,0x000000078407ec18,0x0000000789080000)
 PSPermGen       total 21504K, used 8470K [0x0000000779800000, 0x000000077ad00000, 0x0000000783e00000)
  object space 21504K, 39% used [0x0000000779800000,0x000000077a0458a0,0x000000077ad00000)
}
Event: 1.480 GC heap before
{Heap before GC invocations=10 (full 0):
 PSYoungGen      total 263168K, used 257952K [0x00000007d6a00000, 0x00000007f0780000, 0x0000000800000000)
  eden space 257536K, 100% used [0x00000007d6a00000,0x00000007e6580000,0x00000007e6580000)
  from space 5632K, 7% used [0x00000007e6580000,0x00000007e65e8000,0x00000007e6b00000)
  to   space 5632K, 0% used [0x00000007f0200000,0x00000007f0200000,0x00000007f0780000)
 ParOldGen       total 84480K, used 2555K [0x0000000783e00000, 0x0000000789080000, 0x00000007d6a00000)
  object space 84480K, 3% used [0x0000000783e00000,0x000000078407ec18,0x0000000789080000)
 PSPermGen       total 21504K, used 8470K [0x0000000779800000, 0x000000077ad00000, 0x0000000783e00000)
  object space 21504K, 39% used [0x0000000779800000,0x000000077a0458a0,0x000000077ad00000)
Event: 1.481 GC heap after
Heap after GC invocations=10 (full 0):
 PSYoungGen      total 417792K, used 384K [0x00000007d6a00000, 0x00000007f0780000, 0x0000000800000000)
  eden space 412160K, 0% used [0x00000007d6a00000,0x00000007d6a00000,0x00000007efc80000)
  from space 5632K, 6% used [0x00000007f0200000,0x00000007f0260000,0x00000007f0780000)
  to   space 5632K, 0% used [0x00000007efc80000,0x00000007efc80000,0x00000007f0200000)
 ParOldGen       total 84480K, used 2739K [0x0000000783e00000, 0x0000000789080000, 0x00000007d6a00000)
  object space 84480K, 3% used [0x0000000783e00000,0x00000007840acc18,0x0000000789080000)
 PSPermGen       total 21504K, used 8470K [0x0000000779800000, 0x000000077ad00000, 0x0000000783e00000)
  object space 21504K, 39% used [0x0000000779800000,0x000000077a0458a0,0x000000077ad00000)
}
Event: 1.795 GC heap before
{Heap before GC invocations=11 (full 0):
 PSYoungGen      total 417792K, used 412544K [0x00000007d6a00000, 0x00000007f0780000, 0x0000000800000000)
  eden space 412160K, 100% used [0x00000007d6a00000,0x00000007efc80000,0x00000007efc80000)
  from space 5632K, 6% used [0x00000007f0200000,0x00000007f0260000,0x00000007f0780000)
  to   space 5632K, 0% used [0x00000007efc80000,0x00000007efc80000,0x00000007f0200000)
 ParOldGen       total 84480K, used 2739K [0x0000000783e00000, 0x0000000789080000, 0x00000007d6a00000)
  object space 84480K, 3% used [0x0000000783e00000,0x00000007840acc18,0x0000000789080000)
 PSPermGen       total 21504K, used 8470K [0x0000000779800000, 0x000000077ad00000, 0x0000000783e00000)
  object space 21504K, 39% used [0x0000000779800000,0x000000077a0458a0,0x000000077ad00000)

Deoptimization events (4 events):
Event: 0.323 Thread 0x00007f6cbc229800 Uncommon trap: reason=range_check action=make_not_entrant pc=0x00007f6cb90880f4 method=java.awt.image.DirectColorModel.getsRGBComponentFromsRGB(II)I @ 6
Event: 0.323 Thread 0x00007f6cbc229800 Uncommon trap: reason=range_check action=make_not_entrant pc=0x00007f6cb908a3a4 method=java.awt.image.DirectColorModel.getsRGBComponentFromsRGB(II)I @ 6
Event: 0.391 Thread 0x00007f6cbc229800 Uncommon trap: reason=unreached action=reinterpret pc=0x00007f6cb907f854 method=sun.awt.image.IntegerInterleavedRaster.getDataElements(IILjava/lang/Object;)Ljava/lang/Object; @ 43
Event: 0.391 Thread 0x00007f6cbc229800 Uncommon trap: reason=unreached action=reinterpret pc=0x00007f6cb909c14c method=java.awt.image.DirectColorModel.getDataElements(ILjava/lang/Object;)Ljava/lang/Object; @ 11

Internal exceptions (10 events):
Event: 0.107 Thread 0x00007f6cbc008000 Threw 0x00000007d6a9fb58 at /build/buildd/openjdk-7-7u79-2.5.5/build/openjdk/hotspot/src/share/vm/prims/jvm.cpp:1284
Event: 0.107 Thread 0x00007f6cbc008000 Threw 0x00000007d6a9fc80 at /build/buildd/openjdk-7-7u79-2.5.5/build/openjdk/hotspot/src/share/vm/prims/jvm.cpp:1284
Event: 0.158 Thread 0x00007f6cbc008000 Threw 0x00000007d6bb54e0 at /build/buildd/openjdk-7-7u79-2.5.5/build/openjdk/hotspot/src/share/vm/prims/jvm.cpp:1284
Event: 0.162 Thread 0x00007f6cbc008000 Threw 0x00000007d6bb8be8 at /build/buildd/openjdk-7-7u79-2.5.5/build/openjdk/hotspot/src/share/vm/prims/jvm.cpp:1284
Event: 0.163 Thread 0x00007f6cbc008000 Threw 0x00000007d6bbefa8 at /build/buildd/openjdk-7-7u79-2.5.5/build/openjdk/hotspot/src/share/vm/prims/jvm.cpp:1284
Event: 0.273 Thread 0x00007f6cbc24e800 Threw 0x00000007d6e6bf78 at /build/buildd/openjdk-7-7u79-2.5.5/build/openjdk/hotspot/src/share/vm/prims/jni.cpp:747
Event: 0.278 Thread 0x00007f6cbc229800 Threw 0x00000007d6fa2890 at /build/buildd/openjdk-7-7u79-2.5.5/build/openjdk/hotspot/src/share/vm/prims/jvm.cpp:1284
Event: 0.339 Thread 0x00007f6cbc229800 Threw 0x00000007d7248fb8 at /build/buildd/openjdk-7-7u79-2.5.5/build/openjdk/hotspot/src/share/vm/prims/jvm.cpp:1284
Event: 0.391 Thread 0x00007f6cbc229800 Implicit null exception at 0x00007f6cb907f73e to 0x00007f6cb907f839
Event: 0.391 Thread 0x00007f6cbc229800 Implicit null exception at 0x00007f6cb909aec8 to 0x00007f6cb909c139

Events (10 events):
Event: 1.035 Executing VM operation: ParallelGCFailedAllocation done
Event: 1.037 loading class 0x00007f6c80084510
Event: 1.037 loading class 0x00007f6c80084510 done
Event: 1.130 Executing VM operation: ParallelGCFailedAllocation
Event: 1.132 Executing VM operation: ParallelGCFailedAllocation done
Event: 1.346 Executing VM operation: ParallelGCFailedAllocation
Event: 1.346 Executing VM operation: ParallelGCFailedAllocation done
Event: 1.480 Executing VM operation: ParallelGCFailedAllocation
Event: 1.481 Executing VM operation: ParallelGCFailedAllocation done
Event: 1.794 Executing VM operation: ParallelGCFailedAllocation


Dynamic libraries:
00400000-00401000 r-xp 00000000 08:16 5391925                            /usr/lib/jvm/java-7-openjdk-amd64/jre/bin/java
00600000-00601000 r--p 00000000 08:16 5391925                            /usr/lib/jvm/java-7-openjdk-amd64/jre/bin/java
00601000-00602000 rw-p 00001000 08:16 5391925                            /usr/lib/jvm/java-7-openjdk-amd64/jre/bin/java
023ca000-023eb000 rw-p 00000000 00:00 0                                  [heap]
779800000-77ad00000 rw-p 00000000 00:00 0 
77ad00000-783e00000 rw-p 00000000 00:00 0 
783e00000-789080000 rw-p 00000000 00:00 0 
789080000-7d6a00000 rw-p 00000000 00:00 0 
7d6a00000-7f0780000 rw-p 00000000 00:00 0 
7ff900000-800000000 rw-p 00000000 00:00 0 
7f6c60000000-7f6c60029000 rw-p 00000000 00:00 0 
7f6c60029000-7f6c64000000 ---p 00000000 00:00 0 
7f6c68000000-7f6c68021000 rw-p 00000000 00:00 0 
7f6c68021000-7f6c6c000000 ---p 00000000 00:00 0 
7f6c6c000000-7f6c6c021000 rw-p 00000000 00:00 0 
7f6c6c021000-7f6c70000000 ---p 00000000 00:00 0 
7f6c70000000-7f6c70021000 rw-p 00000000 00:00 0 
7f6c70021000-7f6c74000000 ---p 00000000 00:00 0 
7f6c74000000-7f6c74021000 rw-p 00000000 00:00 0 
7f6c74021000-7f6c78000000 ---p 00000000 00:00 0 
7f6c78000000-7f6c78021000 rw-p 00000000 00:00 0 
7f6c78021000-7f6c7c000000 ---p 00000000 00:00 0 
7f6c7c000000-7f6c7c021000 rw-p 00000000 00:00 0 
7f6c7c021000-7f6c80000000 ---p 00000000 00:00 0 
7f6c80000000-7f6c805bb000 rw-p 00000000 00:00 0 
7f6c805bb000-7f6c84000000 ---p 00000000 00:00 0 
7f6c84000000-7f6c845c0000 rw-p 00000000 00:00 0 
7f6c845c0000-7f6c88000000 ---p 00000000 00:00 0 
7f6c88000000-7f6c88021000 rw-p 00000000 00:00 0 
7f6c88021000-7f6c8c000000 ---p 00000000 00:00 0 
7f6c8c000000-7f6c8c021000 rw-p 00000000 00:00 0 
7f6c8c021000-7f6c90000000 ---p 00000000 00:00 0 
7f6c90000000-7f6c90021000 rw-p 00000000 00:00 0 
7f6c90021000-7f6c94000000 ---p 00000000 00:00 0 
7f6c97cc0000-7f6c9c000000 rw-p 00000000 00:00 0 
7f6c9c000000-7f6c9c021000 rw-p 00000000 00:00 0 
7f6c9c021000-7f6ca0000000 ---p 00000000 00:00 0 
7f6ca0000000-7f6ca0021000 rw-p 00000000 00:00 0 
7f6ca0021000-7f6ca4000000 ---p 00000000 00:00 0 
7f6ca4000000-7f6ca4021000 rw-p 00000000 00:00 0 
7f6ca4021000-7f6ca8000000 ---p 00000000 00:00 0 
7f6ca81da000-7f6ca8414000 rw-p 00000000 00:00 0 
7f6ca8414000-7f6ca8417000 ---p 00000000 00:00 0 
7f6ca8417000-7f6ca8515000 rw-p 00000000 00:00 0                          [stack:18365]
7f6ca8515000-7f6ca8518000 ---p 00000000 00:00 0 
7f6ca8518000-7f6ca8616000 rw-p 00000000 00:00 0                          [stack:18364]
7f6ca8616000-7f6ca8619000 ---p 00000000 00:00 0 
7f6ca8619000-7f6ca8717000 rw-p 00000000 00:00 0                          [stack:18363]
7f6ca8717000-7f6ca871a000 ---p 00000000 00:00 0 
7f6ca871a000-7f6ca8818000 rw-p 00000000 00:00 0                          [stack:18362]
7f6ca8818000-7f6ca881d000 r-xp 00000000 08:16 5374432                    /usr/lib/x86_64-linux-gnu/libXfixes.so.3.1.0
7f6ca881d000-7f6ca8a1c000 ---p 00005000 08:16 5374432                    /usr/lib/x86_64-linux-gnu/libXfixes.so.3.1.0
7f6ca8a1c000-7f6ca8a1d000 r--p 00004000 08:16 5374432                    /usr/lib/x86_64-linux-gnu/libXfixes.so.3.1.0
7f6ca8a1d000-7f6ca8a1e000 rw-p 00005000 08:16 5374432                    /usr/lib/x86_64-linux-gnu/libXfixes.so.3.1.0
7f6ca8a1e000-7f6ca8a27000 r-xp 00000000 08:16 5382190                    /usr/lib/x86_64-linux-gnu/libXcursor.so.1.0.2
7f6ca8a27000-7f6ca8c26000 ---p 00009000 08:16 5382190                    /usr/lib/x86_64-linux-gnu/libXcursor.so.1.0.2
7f6ca8c26000-7f6ca8c27000 r--p 00008000 08:16 5382190                    /usr/lib/x86_64-linux-gnu/libXcursor.so.1.0.2
7f6ca8c27000-7f6ca8c28000 rw-p 00009000 08:16 5382190                    /usr/lib/x86_64-linux-gnu/libXcursor.so.1.0.2
7f6ca8c28000-7f6ca8c2b000 ---p 00000000 00:00 0 
7f6ca8c2b000-7f6ca8d29000 rw-p 00000000 00:00 0                          [stack:18361]
7f6ca8d29000-7f6ca8d2d000 r-xp 00000000 08:16 921615                     /lib/x86_64-linux-gnu/libgpg-error.so.0.10.0
7f6ca8d2d000-7f6ca8f2c000 ---p 00004000 08:16 921615                     /lib/x86_64-linux-gnu/libgpg-error.so.0.10.0
7f6ca8f2c000-7f6ca8f2d000 r--p 00003000 08:16 921615                     /lib/x86_64-linux-gnu/libgpg-error.so.0.10.0
7f6ca8f2d000-7f6ca8f2e000 rw-p 00004000 08:16 921615                     /lib/x86_64-linux-gnu/libgpg-error.so.0.10.0
7f6ca8f2e000-7f6ca8f30000 r-xp 00000000 08:16 921625                     /lib/x86_64-linux-gnu/libkeyutils.so.1.4
7f6ca8f30000-7f6ca9130000 ---p 00002000 08:16 921625                     /lib/x86_64-linux-gnu/libkeyutils.so.1.4
7f6ca9130000-7f6ca9131000 r--p 00002000 08:16 921625                     /lib/x86_64-linux-gnu/libkeyutils.so.1.4
7f6ca9131000-7f6ca9132000 rw-p 00003000 08:16 921625                     /lib/x86_64-linux-gnu/libkeyutils.so.1.4
7f6ca9132000-7f6ca916f000 r-xp 00000000 08:16 921685                     /lib/x86_64-linux-gnu/libpcre.so.3.13.1
7f6ca916f000-7f6ca936e000 ---p 0003d000 08:16 921685                     /lib/x86_64-linux-gnu/libpcre.so.3.13.1
7f6ca936e000-7f6ca936f000 r--p 0003c000 08:16 921685                     /lib/x86_64-linux-gnu/libpcre.so.3.13.1
7f6ca936f000-7f6ca9370000 rw-p 0003d000 08:16 921685                     /lib/x86_64-linux-gnu/libpcre.so.3.13.1
7f6ca9370000-7f6ca9395000 r-xp 00000000 08:16 921697                     /lib/x86_64-linux-gnu/libpng12.so.0.50.0
7f6ca9395000-7f6ca9594000 ---p 00025000 08:16 921697                     /lib/x86_64-linux-gnu/libpng12.so.0.50.0
7f6ca9594000-7f6ca9595000 r--p 00024000 08:16 921697                     /lib/x86_64-linux-gnu/libpng12.so.0.50.0
7f6ca9595000-7f6ca9596000 rw-p 00025000 08:16 921697                     /lib/x86_64-linux-gnu/libpng12.so.0.50.0
7f6ca9596000-7f6ca95da000 r-xp 00000000 08:16 921596                     /lib/x86_64-linux-gnu/libdbus-1.so.3.7.6
7f6ca95da000-7f6ca97d9000 ---p 00044000 08:16 921596                     /lib/x86_64-linux-gnu/libdbus-1.so.3.7.6
7f6ca97d9000-7f6ca97da000 r--p 00043000 08:16 921596                     /lib/x86_64-linux-gnu/libdbus-1.so.3.7.6
7f6ca97da000-7f6ca97db000 rw-p 00044000 08:16 921596                     /lib/x86_64-linux-gnu/libdbus-1.so.3.7.6
7f6ca97db000-7f6ca9816000 r-xp 00000000 08:16 5382910                    /usr/lib/x86_64-linux-gnu/libp11-kit.so.0.0.0
7f6ca9816000-7f6ca9a15000 ---p 0003b000 08:16 5382910                    /usr/lib/x86_64-linux-gnu/libp11-kit.so.0.0.0
7f6ca9a15000-7f6ca9a1b000 r--p 0003a000 08:16 5382910                    /usr/lib/x86_64-linux-gnu/libp11-kit.so.0.0.0
7f6ca9a1b000-7f6ca9a1d000 rw-p 00040000 08:16 5382910                    /usr/lib/x86_64-linux-gnu/libp11-kit.so.0.0.0
7f6ca9a1d000-7f6ca9a2f000 r-xp 00000000 08:16 5373995                    /usr/lib/x86_64-linux-gnu/libtasn1.so.6.2.0
7f6ca9a2f000-7f6ca9c2f000 ---p 00012000 08:16 5373995                    /usr/lib/x86_64-linux-gnu/libtasn1.so.6.2.0
7f6ca9c2f000-7f6ca9c30000 r--p 00012000 08:16 5373995                    /usr/lib/x86_64-linux-gnu/libtasn1.so.6.2.0
7f6ca9c30000-7f6ca9c31000 rw-p 00013000 08:16 5373995                    /usr/lib/x86_64-linux-gnu/libtasn1.so.6.2.0
7f6ca9c31000-7f6ca9cad000 r-xp 00000000 08:16 921589                     /lib/x86_64-linux-gnu/libgcrypt.so.11.8.2
7f6ca9cad000-7f6ca9ead000 ---p 0007c000 08:16 921589                     /lib/x86_64-linux-gnu/libgcrypt.so.11.8.2
7f6ca9ead000-7f6ca9eae000 r--p 0007c000 08:16 921589                     /lib/x86_64-linux-gnu/libgcrypt.so.11.8.2
7f6ca9eae000-7f6ca9eb1000 rw-p 0007d000 08:16 921589                     /lib/x86_64-linux-gnu/libgcrypt.so.11.8.2
7f6ca9eb1000-7f6ca9ebb000 r-xp 00000000 08:16 5382793                    /usr/lib/x86_64-linux-gnu/libkrb5support.so.0.1
7f6ca9ebb000-7f6caa0ba000 ---p 0000a000 08:16 5382793                    /usr/lib/x86_64-linux-gnu/libkrb5support.so.0.1
7f6caa0ba000-7f6caa0bb000 r--p 00009000 08:16 5382793                    /usr/lib/x86_64-linux-gnu/libkrb5support.so.0.1
7f6caa0bb000-7f6caa0bc000 rw-p 0000a000 08:16 5382793                    /usr/lib/x86_64-linux-gnu/libkrb5support.so.0.1
7f6caa0bc000-7f6caa0bf000 r-xp 00000000 08:16 921562                     /lib/x86_64-linux-gnu/libcom_err.so.2.1
7f6caa0bf000-7f6caa2be000 ---p 00003000 08:16 921562                     /lib/x86_64-linux-gnu/libcom_err.so.2.1
7f6caa2be000-7f6caa2bf000 r--p 00002000 08:16 921562                     /lib/x86_64-linux-gnu/libcom_err.so.2.1
7f6caa2bf000-7f6caa2c0000 rw-p 00003000 08:16 921562                     /lib/x86_64-linux-gnu/libcom_err.so.2.1
7f6caa2c0000-7f6caa2ec000 r-xp 00000000 08:16 5382787                    /usr/lib/x86_64-linux-gnu/libk5crypto.so.3.1
7f6caa2ec000-7f6caa4eb000 ---p 0002c000 08:16 5382787                    /usr/lib/x86_64-linux-gnu/libk5crypto.so.3.1
7f6caa4eb000-7f6caa4ed000 r--p 0002b000 08:16 5382787                    /usr/lib/x86_64-linux-gnu/libk5crypto.so.3.1
7f6caa4ed000-7f6caa4ee000 rw-p 0002d000 08:16 5382787                    /usr/lib/x86_64-linux-gnu/libk5crypto.so.3.1
7f6caa4ee000-7f6caa4ef000 rw-p 00000000 00:00 0 
7f6caa4ef000-7f6caa5ab000 r-xp 00000000 08:16 5382791                    /usr/lib/x86_64-linux-gnu/libkrb5.so.3.3
7f6caa5ab000-7f6caa7ab000 ---p 000bc000 08:16 5382791                    /usr/lib/x86_64-linux-gnu/libkrb5.so.3.3
7f6caa7ab000-7f6caa7b8000 r--p 000bc000 08:16 5382791                    /usr/lib/x86_64-linux-gnu/libkrb5.so.3.3
7f6caa7b8000-7f6caa7ba000 rw-p 000c9000 08:16 5382791                    /usr/lib/x86_64-linux-gnu/libkrb5.so.3.3
7f6caa7ba000-7f6caa7bf000 r-xp 00000000 08:16 5382194                    /usr/lib/x86_64-linux-gnu/libXdmcp.so.6.0.0
7f6caa7bf000-7f6caa9be000 ---p 00005000 08:16 5382194                    /usr/lib/x86_64-linux-gnu/libXdmcp.so.6.0.0
7f6caa9be000-7f6caa9bf000 r--p 00004000 08:16 5382194                    /usr/lib/x86_64-linux-gnu/libXdmcp.so.6.0.0
7f6caa9bf000-7f6caa9c0000 rw-p 00005000 08:16 5382194                    /usr/lib/x86_64-linux-gnu/libXdmcp.so.6.0.0
7f6caa9c0000-7f6caa9c2000 r-xp 00000000 08:16 5382183                    /usr/lib/x86_64-linux-gnu/libXau.so.6.0.0
7f6caa9c2000-7f6caabc2000 ---p 00002000 08:16 5382183                    /usr/lib/x86_64-linux-gnu/libXau.so.6.0.0
7f6caabc2000-7f6caabc3000 r--p 00002000 08:16 5382183                    /usr/lib/x86_64-linux-gnu/libXau.so.6.0.0
7f6caabc3000-7f6caabc4000 rw-p 00003000 08:16 5382183                    /usr/lib/x86_64-linux-gnu/libXau.so.6.0.0
7f6caabc4000-7f6caabcb000 r-xp 00000000 08:16 5382465                    /usr/lib/x86_64-linux-gnu/libffi.so.6.0.1
7f6caabcb000-7f6caadca000 ---p 00007000 08:16 5382465                    /usr/lib/x86_64-linux-gnu/libffi.so.6.0.1
7f6caadca000-7f6caadcb000 r--p 00006000 08:16 5382465                    /usr/lib/x86_64-linux-gnu/libffi.so.6.0.1
7f6caadcb000-7f6caadcc000 rw-p 00007000 08:16 5382465                    /usr/lib/x86_64-linux-gnu/libffi.so.6.0.1
7f6caadcc000-7f6caade3000 r-xp 00000000 08:16 917509                     /lib/x86_64-linux-gnu/libresolv-2.19.so
7f6caade3000-7f6caafe3000 ---p 00017000 08:16 917509                     /lib/x86_64-linux-gnu/libresolv-2.19.so
7f6caafe3000-7f6caafe4000 r--p 00017000 08:16 917509                     /lib/x86_64-linux-gnu/libresolv-2.19.so
7f6caafe4000-7f6caafe5000 rw-p 00018000 08:16 917509                     /lib/x86_64-linux-gnu/libresolv-2.19.so
7f6caafe5000-7f6caafe7000 rw-p 00000000 00:00 0 
7f6caafe7000-7f6cab007000 r-xp 00000000 08:16 921712                     /lib/x86_64-linux-gnu/libselinux.so.1
7f6cab007000-7f6cab206000 ---p 00020000 08:16 921712                     /lib/x86_64-linux-gnu/libselinux.so.1
7f6cab206000-7f6cab207000 r--p 0001f000 08:16 921712                     /lib/x86_64-linux-gnu/libselinux.so.1
7f6cab207000-7f6cab208000 rw-p 00020000 08:16 921712                     /lib/x86_64-linux-gnu/libselinux.so.1
7f6cab208000-7f6cab20a000 rw-p 00000000 00:00 0 
7f6cab20a000-7f6cab310000 r-xp 00000000 08:16 921613                     /lib/x86_64-linux-gnu/libglib-2.0.so.0.4002.0
7f6cab310000-7f6cab50f000 ---p 00106000 08:16 921613                     /lib/x86_64-linux-gnu/libglib-2.0.so.0.4002.0
7f6cab50f000-7f6cab510000 r--p 00105000 08:16 921613                     /lib/x86_64-linux-gnu/libglib-2.0.so.0.4002.0
7f6cab510000-7f6cab511000 rw-p 00106000 08:16 921613                     /lib/x86_64-linux-gnu/libglib-2.0.so.0.4002.0
7f6cab511000-7f6cab512000 rw-p 00000000 00:00 0 
7f6cab512000-7f6cab515000 r-xp 00000000 08:16 5382578                    /usr/lib/x86_64-linux-gnu/libgmodule-2.0.so.0.4002.0
7f6cab515000-7f6cab714000 ---p 00003000 08:16 5382578                    /usr/lib/x86_64-linux-gnu/libgmodule-2.0.so.0.4002.0
7f6cab714000-7f6cab715000 r--p 00002000 08:16 5382578                    /usr/lib/x86_64-linux-gnu/libgmodule-2.0.so.0.4002.0
7f6cab715000-7f6cab716000 rw-p 00003000 08:16 5382578                    /usr/lib/x86_64-linux-gnu/libgmodule-2.0.so.0.4002.0
7f6cab716000-7f6cab73d000 r-xp 00000000 08:16 921604                     /lib/x86_64-linux-gnu/libexpat.so.1.6.0
7f6cab73d000-7f6cab93d000 ---p 00027000 08:16 921604                     /lib/x86_64-linux-gnu/libexpat.so.1.6.0
7f6cab93d000-7f6cab93f000 r--p 00027000 08:16 921604                     /lib/x86_64-linux-gnu/libexpat.so.1.6.0
7f6cab93f000-7f6cab940000 rw-p 00029000 08:16 921604                     /lib/x86_64-linux-gnu/libexpat.so.1.6.0
7f6cab940000-7f6cab9dd000 r-xp 00000000 08:16 5376146                    /usr/lib/x86_64-linux-gnu/libfreetype.so.6.11.1
7f6cab9dd000-7f6cabbdc000 ---p 0009d000 08:16 5376146                    /usr/lib/x86_64-linux-gnu/libfreetype.so.6.11.1
7f6cabbdc000-7f6cabbe2000 r--p 0009c000 08:16 5376146                    /usr/lib/x86_64-linux-gnu/libfreetype.so.6.11.1
7f6cabbe2000-7f6cabbe3000 rw-p 000a2000 08:16 5376146                    /usr/lib/x86_64-linux-gnu/libfreetype.so.6.11.1
7f6cabbe3000-7f6cabbf2000 r-xp 00000000 08:16 5382287                    /usr/lib/x86_64-linux-gnu/libavahi-client.so.3.2.9
7f6cabbf2000-7f6cabdf2000 ---p 0000f000 08:16 5382287                    /usr/lib/x86_64-linux-gnu/libavahi-client.so.3.2.9
7f6cabdf2000-7f6cabdf3000 r--p 0000f000 08:16 5382287                    /usr/lib/x86_64-linux-gnu/libavahi-client.so.3.2.9
7f6cabdf3000-7f6cabdf4000 rw-p 00010000 08:16 5382287                    /usr/lib/x86_64-linux-gnu/libavahi-client.so.3.2.9
7f6cabdf4000-7f6cabdff000 r-xp 00000000 08:16 5382289                    /usr/lib/x86_64-linux-gnu/libavahi-common.so.3.5.3
7f6cabdff000-7f6cabffe000 ---p 0000b000 08:16 5382289                    /usr/lib/x86_64-linux-gnu/libavahi-common.so.3.5.3
7f6cabffe000-7f6cabfff000 r--p 0000a000 08:16 5382289                    /usr/lib/x86_64-linux-gnu/libavahi-common.so.3.5.3
7f6cabfff000-7f6cac000000 rw-p 0000b000 08:16 5382289                    /usr/lib/x86_64-linux-gnu/libavahi-common.so.3.5.3
7f6cac000000-7f6cac021000 rw-p 00000000 00:00 0 
7f6cac021000-7f6cb0000000 ---p 00000000 00:00 0 
7f6cb0050000-7f6cb00ed000 rw-s 00000000 00:04 43516013                   /SYSV00000000 (deleted)
7f6cb00ed000-7f6cb01a3000 r-xp 00000000 08:16 5374002                    /usr/lib/x86_64-linux-gnu/libgnutls.so.26.22.6
7f6cb01a3000-7f6cb03a3000 ---p 000b6000 08:16 5374002                    /usr/lib/x86_64-linux-gnu/libgnutls.so.26.22.6
7f6cb03a3000-7f6cb03a9000 r--p 000b6000 08:16 5374002                    /usr/lib/x86_64-linux-gnu/libgnutls.so.26.22.6
7f6cb03a9000-7f6cb03aa000 rw-p 000bc000 08:16 5374002                    /usr/lib/x86_64-linux-gnu/libgnutls.so.26.22.6
7f6cb03aa000-7f6cb03ab000 rw-p 00000000 00:00 0 
7f6cb03ab000-7f6cb03ee000 r-xp 00000000 08:16 5382621                    /usr/lib/x86_64-linux-gnu/libgssapi_krb5.so.2.2
7f6cb03ee000-7f6cb05ee000 ---p 00043000 08:16 5382621                    /usr/lib/x86_64-linux-gnu/libgssapi_krb5.so.2.2
7f6cb05ee000-7f6cb05ef000 r--p 00043000 08:16 5382621                    /usr/lib/x86_64-linux-gnu/libgssapi_krb5.so.2.2
7f6cb05ef000-7f6cb05f1000 rw-p 00044000 08:16 5382621                    /usr/lib/x86_64-linux-gnu/libgssapi_krb5.so.2.2
7f6cb05f1000-7f6cb060e000 r-xp 00000000 08:16 5383251                    /usr/lib/x86_64-linux-gnu/libxcb.so.1.1.0
7f6cb060e000-7f6cb080e000 ---p 0001d000 08:16 5383251                    /usr/lib/x86_64-linux-gnu/libxcb.so.1.1.0
7f6cb080e000-7f6cb080f000 r--p 0001d000 08:16 5383251                    /usr/lib/x86_64-linux-gnu/libxcb.so.1.1.0
7f6cb080f000-7f6cb0810000 rw-p 0001e000 08:16 5383251                    /usr/lib/x86_64-linux-gnu/libxcb.so.1.1.0
7f6cb0810000-7f6cb085f000 r-xp 00000000 08:16 5382594                    /usr/lib/x86_64-linux-gnu/libgobject-2.0.so.0.4002.0
7f6cb085f000-7f6cb0a5f000 ---p 0004f000 08:16 5382594                    /usr/lib/x86_64-linux-gnu/libgobject-2.0.so.0.4002.0
7f6cb0a5f000-7f6cb0a60000 r--p 0004f000 08:16 5382594                    /usr/lib/x86_64-linux-gnu/libgobject-2.0.so.0.4002.0
7f6cb0a60000-7f6cb0a61000 rw-p 00050000 08:16 5382594                    /usr/lib/x86_64-linux-gnu/libgobject-2.0.so.0.4002.0
7f6cb0a61000-7f6cb0bcd000 r-xp 00000000 08:16 5382566                    /usr/lib/x86_64-linux-gnu/libgio-2.0.so.0.4002.0
7f6cb0bcd000-7f6cb0dcc000 ---p 0016c000 08:16 5382566                    /usr/lib/x86_64-linux-gnu/libgio-2.0.so.0.4002.0
7f6cb0dcc000-7f6cb0dd0000 r--p 0016b000 08:16 5382566                    /usr/lib/x86_64-linux-gnu/libgio-2.0.so.0.4002.0
7f6cb0dd0000-7f6cb0dd2000 rw-p 0016f000 08:16 5382566                    /usr/lib/x86_64-linux-gnu/libgio-2.0.so.0.4002.0
7f6cb0dd2000-7f6cb0dd4000 rw-p 00000000 00:00 0 
7f6cb0dd4000-7f6cb0e0e000 r-xp 00000000 08:16 5382479                    /usr/lib/x86_64-linux-gnu/libfontconfig.so.1.8.0
7f6cb0e0e000-7f6cb100d000 ---p 0003a000 08:16 5382479                    /usr/lib/x86_64-linux-gnu/libfontconfig.so.1.8.0
7f6cb100d000-7f6cb100f000 r--p 00039000 08:16 5382479                    /usr/lib/x86_64-linux-gnu/libfontconfig.so.1.8.0
7f6cb100f000-7f6cb1010000 rw-p 0003b000 08:16 5382479                    /usr/lib/x86_64-linux-gnu/libfontconfig.so.1.8.0
7f6cb1010000-7f6cb107c000 r-xp 00000000 08:16 5374074                    /usr/lib/x86_64-linux-gnu/libcups.so.2
7f6cb107c000-7f6cb127c000 ---p 0006c000 08:16 5374074                    /usr/lib/x86_64-linux-gnu/libcups.so.2
7f6cb127c000-7f6cb1283000 r--p 0006c000 08:16 5374074                    /usr/lib/x86_64-linux-gnu/libcups.so.2
7f6cb1283000-7f6cb1284000 rw-p 00073000 08:16 5374074                    /usr/lib/x86_64-linux-gnu/libcups.so.2
7f6cb1284000-7f6cb1293000 r-xp 00000000 08:16 5376151                    /usr/lib/x86_64-linux-gnu/libXi.so.6.1.0
7f6cb1293000-7f6cb1492000 ---p 0000f000 08:16 5376151                    /usr/lib/x86_64-linux-gnu/libXi.so.6.1.0
7f6cb1492000-7f6cb1493000 r--p 0000e000 08:16 5376151                    /usr/lib/x86_64-linux-gnu/libXi.so.6.1.0
7f6cb1493000-7f6cb1494000 rw-p 0000f000 08:16 5376151                    /usr/lib/x86_64-linux-gnu/libXi.so.6.1.0
7f6cb1494000-7f6cb1499000 r-xp 00000000 08:16 5382224                    /usr/lib/x86_64-linux-gnu/libXtst.so.6.1.0
7f6cb1499000-7f6cb1698000 ---p 00005000 08:16 5382224                    /usr/lib/x86_64-linux-gnu/libXtst.so.6.1.0
7f6cb1698000-7f6cb1699000 r--p 00004000 08:16 5382224                    /usr/lib/x86_64-linux-gnu/libXtst.so.6.1.0
7f6cb1699000-7f6cb169a000 rw-p 00005000 08:16 5382224                    /usr/lib/x86_64-linux-gnu/libXtst.so.6.1.0
7f6cb169a000-7f6cb16a3000 r-xp 00000000 08:16 5376155                    /usr/lib/x86_64-linux-gnu/libXrender.so.1.3.0
7f6cb16a3000-7f6cb18a2000 ---p 00009000 08:16 5376155                    /usr/lib/x86_64-linux-gnu/libXrender.so.1.3.0
7f6cb18a2000-7f6cb18a3000 r--p 00008000 08:16 5376155                    /usr/lib/x86_64-linux-gnu/libXrender.so.1.3.0
7f6cb18a3000-7f6cb18a4000 rw-p 00009000 08:16 5376155                    /usr/lib/x86_64-linux-gnu/libXrender.so.1.3.0
7f6cb18a4000-7f6cb19d4000 r-xp 00000000 08:16 5382179                    /usr/lib/x86_64-linux-gnu/libX11.so.6.3.0
7f6cb19d4000-7f6cb1bd4000 ---p 00130000 08:16 5382179                    /usr/lib/x86_64-linux-gnu/libX11.so.6.3.0
7f6cb1bd4000-7f6cb1bd5000 r--p 00130000 08:16 5382179                    /usr/lib/x86_64-linux-gnu/libX11.so.6.3.0
7f6cb1bd5000-7f6cb1bd9000 rw-p 00131000 08:16 5382179                    /usr/lib/x86_64-linux-gnu/libX11.so.6.3.0
7f6cb1bd9000-7f6cb1bea000 r-xp 00000000 08:16 5375160                    /usr/lib/x86_64-linux-gnu/libXext.so.6.4.0
7f6cb1bea000-7f6cb1de9000 ---p 00011000 08:16 5375160                    /usr/lib/x86_64-linux-gnu/libXext.so.6.4.0
7f6cb1de9000-7f6cb1dea000 r--p 00010000 08:16 5375160                    /usr/lib/x86_64-linux-gnu/libXext.so.6.4.0
7f6cb1dea000-7f6cb1deb000 rw-p 00011000 08:16 5375160                    /usr/lib/x86_64-linux-gnu/libXext.so.6.4.0
7f6cb1deb000-7f6cb1e33000 r-xp 00000000 08:16 397832                     /usr/lib/jvm/java-7-openjdk-amd64/jre/lib/amd64/xawt/libmawt.so
7f6cb1e33000-7f6cb2032000 ---p 00048000 08:16 397832                     /usr/lib/jvm/java-7-openjdk-amd64/jre/lib/amd64/xawt/libmawt.so
7f6cb2032000-7f6cb2033000 r--p 00047000 08:16 397832                     /usr/lib/jvm/java-7-openjdk-amd64/jre/lib/amd64/xawt/libmawt.so
7f6cb2033000-7f6cb2036000 rw-p 00048000 08:16 397832                     /usr/lib/jvm/java-7-openjdk-amd64/jre/lib/amd64/xawt/libmawt.so
7f6cb2036000-7f6cb2037000 rw-p 00000000 00:00 0 
7f6cb2037000-7f6cb20d7000 r-xp 00000000 08:16 272374                     /usr/lib/jvm/java-7-openjdk-amd64/jre/lib/amd64/libawt.so
7f6cb20d7000-7f6cb22d7000 ---p 000a0000 08:16 272374                     /usr/lib/jvm/java-7-openjdk-amd64/jre/lib/amd64/libawt.so
7f6cb22d7000-7f6cb22d8000 r--p 000a0000 08:16 272374                     /usr/lib/jvm/java-7-openjdk-amd64/jre/lib/amd64/libawt.so
7f6cb22d8000-7f6cb22e3000 rw-p 000a1000 08:16 272374                     /usr/lib/jvm/java-7-openjdk-amd64/jre/lib/amd64/libawt.so
7f6cb22e3000-7f6cb2308000 rw-p 00000000 00:00 0 
7f6cb2308000-7f6cb2309000 ---p 00000000 00:00 0 
7f6cb2309000-7f6cb2409000 rw-p 00000000 00:00 0                          [stack:18360]
7f6cb2409000-7f6cb240c000 ---p 00000000 00:00 0 
7f6cb240c000-7f6cb250a000 rw-p 00000000 00:00 0                          [stack:18359]
7f6cb250a000-7f6cb250d000 ---p 00000000 00:00 0 
7f6cb250d000-7f6cb260b000 rw-p 00000000 00:00 0                          [stack:18358]
7f6cb260b000-7f6cb260e000 ---p 00000000 00:00 0 
7f6cb260e000-7f6cb270c000 rw-p 00000000 00:00 0                          [stack:18357]
7f6cb270c000-7f6cb270f000 ---p 00000000 00:00 0 
7f6cb270f000-7f6cb280d000 rw-p 00000000 00:00 0                          [stack:18356]
7f6cb280d000-7f6cb2eef000 r--p 00000000 08:16 5381132                    /usr/lib/locale/locale-archive
7f6cb2eef000-7f6cb2ef2000 ---p 00000000 00:00 0 
7f6cb2ef2000-7f6cb2ff0000 rw-p 00000000 00:00 0                          [stack:18355]
7f6cb2ff0000-7f6cb2ff3000 ---p 00000000 00:00 0 
7f6cb2ff3000-7f6cb30f1000 rw-p 00000000 00:00 0                          [stack:18354]
7f6cb30f1000-7f6cb30f2000 ---p 00000000 00:00 0 
7f6cb30f2000-7f6cb4000000 rw-p 00000000 00:00 0                          [stack:18353]
7f6cb4000000-7f6cb4021000 rw-p 00000000 00:00 0 
7f6cb4021000-7f6cb8000000 ---p 00000000 00:00 0 
7f6cb8023000-7f6cb8212000 rw-p 00000000 00:00 0 
7f6cb8212000-7f6cb83c3000 r--s 01d27000 08:16 272411                     /usr/lib/jvm/java-7-openjdk-amd64/jre/lib/rt.jar
7f6cb83c3000-7f6cb88c8000 rw-p 00000000 00:00 0 
7f6cb88c8000-7f6cb88c9000 ---p 00000000 00:00 0 
7f6cb88c9000-7f6cb89c9000 rw-p 00000000 00:00 0                          [stack:18352]
7f6cb89c9000-7f6cb89ca000 ---p 00000000 00:00 0 
7f6cb89ca000-7f6cb8aca000 rw-p 00000000 00:00 0                          [stack:18351]
7f6cb8aca000-7f6cb8acb000 ---p 00000000 00:00 0 
7f6cb8acb000-7f6cb8bd6000 rw-p 00000000 00:00 0                          [stack:18350]
7f6cb8bd6000-7f6cb8c1e000 rw-p 00000000 00:00 0 
7f6cb8c1e000-7f6cb8c48000 rw-p 00000000 00:00 0 
7f6cb8c48000-7f6cb8eb4000 rw-p 00000000 00:00 0 
7f6cb8eb4000-7f6cb8f83000 rw-p 00000000 00:00 0 
7f6cb8f83000-7f6cb8fff000 rw-p 00000000 00:00 0 
7f6cb8fff000-7f6cb9000000 rw-p 00000000 00:00 0 
7f6cb9000000-7f6cb9270000 rwxp 00000000 00:00 0 
7f6cb9270000-7f6cbc26f000 rw-p 00000000 00:00 0 
7f6cbc26f000-7f6cc0000000 ---p 00000000 00:00 0 
7f6cc000f000-7f6cc0019000 r--s 000ae000 08:16 272370                     /usr/lib/jvm/java-7-openjdk-amd64/jre/lib/resources.jar
7f6cc0019000-7f6cc001d000 r--s 00034000 08:16 272419                     /usr/lib/jvm/java-7-openjdk-amd64/jre/lib/ext/sunjce_provider.jar
7f6cc001d000-7f6cc001e000 ---p 00000000 00:00 0 
7f6cc001e000-7f6cc0148000 rw-p 00000000 00:00 0                          [stack:18349]
7f6cc0148000-7f6cc03b4000 rw-p 00000000 00:00 0 
7f6cc03b4000-7f6cc03be000 rw-p 00000000 00:00 0 
7f6cc03be000-7f6cc0474000 rw-p 00000000 00:00 0 
7f6cc0474000-7f6cc047c000 r-xp 00000000 08:16 272386                     /usr/lib/jvm/java-7-openjdk-amd64/jre/lib/amd64/libzip.so
7f6cc047c000-7f6cc067b000 ---p 00008000 08:16 272386                     /usr/lib/jvm/java-7-openjdk-amd64/jre/lib/amd64/libzip.so
7f6cc067b000-7f6cc067c000 r--p 00007000 08:16 272386                     /usr/lib/jvm/java-7-openjdk-amd64/jre/lib/amd64/libzip.so
7f6cc067c000-7f6cc067d000 rw-p 00008000 08:16 272386                     /usr/lib/jvm/java-7-openjdk-amd64/jre/lib/amd64/libzip.so
7f6cc067d000-7f6cc06a8000 r-xp 00000000 08:16 272403                     /usr/lib/jvm/java-7-openjdk-amd64/jre/lib/amd64/libjava.so
7f6cc06a8000-7f6cc08a8000 ---p 0002b000 08:16 272403                     /usr/lib/jvm/java-7-openjdk-amd64/jre/lib/amd64/libjava.so
7f6cc08a8000-7f6cc08a9000 r--p 0002b000 08:16 272403                     /usr/lib/jvm/java-7-openjdk-amd64/jre/lib/amd64/libjava.so
7f6cc08a9000-7f6cc08ab000 rw-p 0002c000 08:16 272403                     /usr/lib/jvm/java-7-openjdk-amd64/jre/lib/amd64/libjava.so
7f6cc08ab000-7f6cc08bb000 r-xp 00000000 08:16 272400                     /usr/lib/jvm/java-7-openjdk-amd64/jre/lib/amd64/libverify.so
7f6cc08bb000-7f6cc0aba000 ---p 00010000 08:16 272400                     /usr/lib/jvm/java-7-openjdk-amd64/jre/lib/amd64/libverify.so
7f6cc0aba000-7f6cc0abc000 r--p 0000f000 08:16 272400                     /usr/lib/jvm/java-7-openjdk-amd64/jre/lib/amd64/libverify.so
7f6cc0abc000-7f6cc0abd000 rw-p 00011000 08:16 272400                     /usr/lib/jvm/java-7-openjdk-amd64/jre/lib/amd64/libverify.so
7f6cc0abd000-7f6cc0ac4000 r-xp 00000000 08:16 917606                     /lib/x86_64-linux-gnu/librt-2.19.so
7f6cc0ac4000-7f6cc0cc3000 ---p 00007000 08:16 917606                     /lib/x86_64-linux-gnu/librt-2.19.so
7f6cc0cc3000-7f6cc0cc4000 r--p 00006000 08:16 917606                     /lib/x86_64-linux-gnu/librt-2.19.so
7f6cc0cc4000-7f6cc0cc5000 rw-p 00007000 08:16 917606                     /lib/x86_64-linux-gnu/librt-2.19.so
7f6cc0cc5000-7f6cc0cdb000 r-xp 00000000 08:16 921609                     /lib/x86_64-linux-gnu/libgcc_s.so.1
7f6cc0cdb000-7f6cc0eda000 ---p 00016000 08:16 921609                     /lib/x86_64-linux-gnu/libgcc_s.so.1
7f6cc0eda000-7f6cc0edb000 rw-p 00015000 08:16 921609                     /lib/x86_64-linux-gnu/libgcc_s.so.1
7f6cc0edb000-7f6cc0fe0000 r-xp 00000000 08:16 917519                     /lib/x86_64-linux-gnu/libm-2.19.so
7f6cc0fe0000-7f6cc11df000 ---p 00105000 08:16 917519                     /lib/x86_64-linux-gnu/libm-2.19.so
7f6cc11df000-7f6cc11e0000 r--p 00104000 08:16 917519                     /lib/x86_64-linux-gnu/libm-2.19.so
7f6cc11e0000-7f6cc11e1000 rw-p 00105000 08:16 917519                     /lib/x86_64-linux-gnu/libm-2.19.so
7f6cc11e1000-7f6cc12c7000 r-xp 00000000 08:16 5378218                    /usr/lib/x86_64-linux-gnu/libstdc++.so.6.0.19
7f6cc12c7000-7f6cc14c6000 ---p 000e6000 08:16 5378218                    /usr/lib/x86_64-linux-gnu/libstdc++.so.6.0.19
7f6cc14c6000-7f6cc14ce000 r--p 000e5000 08:16 5378218                    /usr/lib/x86_64-linux-gnu/libstdc++.so.6.0.19
7f6cc14ce000-7f6cc14d0000 rw-p 000ed000 08:16 5378218                    /usr/lib/x86_64-linux-gnu/libstdc++.so.6.0.19
7f6cc14d0000-7f6cc14e5000 rw-p 00000000 00:00 0 
7f6cc14e5000-7f6cc1ffd000 r-xp 00000000 08:16 272409                     /usr/lib/jvm/java-7-openjdk-amd64/jre/lib/amd64/server/libjvm.so
7f6cc1ffd000-7f6cc21fd000 ---p 00b18000 08:16 272409                     /usr/lib/jvm/java-7-openjdk-amd64/jre/lib/amd64/server/libjvm.so
7f6cc21fd000-7f6cc2297000 r--p 00b18000 08:16 272409                     /usr/lib/jvm/java-7-openjdk-amd64/jre/lib/amd64/server/libjvm.so
7f6cc2297000-7f6cc22ba000 rw-p 00bb2000 08:16 272409                     /usr/lib/jvm/java-7-openjdk-amd64/jre/lib/amd64/server/libjvm.so
7f6cc22ba000-7f6cc22e8000 rw-p 00000000 00:00 0 
7f6cc22e8000-7f6cc2300000 r-xp 00000000 08:16 921745                     /lib/x86_64-linux-gnu/libz.so.1.2.8
7f6cc2300000-7f6cc24ff000 ---p 00018000 08:16 921745                     /lib/x86_64-linux-gnu/libz.so.1.2.8
7f6cc24ff000-7f6cc2500000 r--p 00017000 08:16 921745                     /lib/x86_64-linux-gnu/libz.so.1.2.8
7f6cc2500000-7f6cc2501000 rw-p 00018000 08:16 921745                     /lib/x86_64-linux-gnu/libz.so.1.2.8
7f6cc2501000-7f6cc251a000 r-xp 00000000 08:16 917604                     /lib/x86_64-linux-gnu/libpthread-2.19.so
7f6cc251a000-7f6cc2719000 ---p 00019000 08:16 917604                     /lib/x86_64-linux-gnu/libpthread-2.19.so
7f6cc2719000-7f6cc271a000 r--p 00018000 08:16 917604                     /lib/x86_64-linux-gnu/libpthread-2.19.so
7f6cc271a000-7f6cc271b000 rw-p 00019000 08:16 917604                     /lib/x86_64-linux-gnu/libpthread-2.19.so
7f6cc271b000-7f6cc271f000 rw-p 00000000 00:00 0 
7f6cc271f000-7f6cc2722000 r-xp 00000000 08:16 917534                     /lib/x86_64-linux-gnu/libdl-2.19.so
7f6cc2722000-7f6cc2921000 ---p 00003000 08:16 917534                     /lib/x86_64-linux-gnu/libdl-2.19.so
7f6cc2921000-7f6cc2922000 r--p 00002000 08:16 917534                     /lib/x86_64-linux-gnu/libdl-2.19.so
7f6cc2922000-7f6cc2923000 rw-p 00003000 08:16 917534                     /lib/x86_64-linux-gnu/libdl-2.19.so
7f6cc2923000-7f6cc2ade000 r-xp 00000000 08:16 917603                     /lib/x86_64-linux-gnu/libc-2.19.so
7f6cc2ade000-7f6cc2cdd000 ---p 001bb000 08:16 917603                     /lib/x86_64-linux-gnu/libc-2.19.so
7f6cc2cdd000-7f6cc2ce1000 r--p 001ba000 08:16 917603                     /lib/x86_64-linux-gnu/libc-2.19.so
7f6cc2ce1000-7f6cc2ce3000 rw-p 001be000 08:16 917603                     /lib/x86_64-linux-gnu/libc-2.19.so
7f6cc2ce3000-7f6cc2ce8000 rw-p 00000000 00:00 0 
7f6cc2ce8000-7f6cc2cf5000 r-xp 00000000 08:16 272378                     /usr/lib/jvm/java-7-openjdk-amd64/jre/lib/amd64/jli/libjli.so
7f6cc2cf5000-7f6cc2ef4000 ---p 0000d000 08:16 272378                     /usr/lib/jvm/java-7-openjdk-amd64/jre/lib/amd64/jli/libjli.so
7f6cc2ef4000-7f6cc2ef5000 r--p 0000c000 08:16 272378                     /usr/lib/jvm/java-7-openjdk-amd64/jre/lib/amd64/jli/libjli.so
7f6cc2ef5000-7f6cc2ef6000 rw-p 0000d000 08:16 272378                     /usr/lib/jvm/java-7-openjdk-amd64/jre/lib/amd64/jli/libjli.so
7f6cc2ef6000-7f6cc2f19000 r-xp 00000000 08:16 917600                     /lib/x86_64-linux-gnu/ld-2.19.so
7f6cc2f1b000-7f6cc2f1c000 rw-p 00000000 00:00 0 
7f6cc2f1c000-7f6cc2f1e000 r--s 00012000 08:16 272420                     /usr/lib/jvm/java-7-openjdk-amd64/jre/lib/ext/zipfs.jar
7f6cc2f1e000-7f6cc2f7c000 rw-p 00000000 00:00 0 
7f6cc2f7c000-7f6cc2fc4000 rw-p 00000000 00:00 0 
7f6cc2fc4000-7f6cc2ff9000 r--s 00000000 08:16 1579860                    /var/cache/nscd/passwd
7f6cc2ff9000-7f6cc2ffc000 ---p 00000000 00:00 0 
7f6cc2ffc000-7f6cc30ff000 rw-p 00000000 00:00 0                          [stack:18347]
7f6cc30ff000-7f6cc3102000 r--s 0000f000 08:16 272415                     /usr/lib/jvm/java-7-openjdk-amd64/jre/lib/ext/icedtea-sound.jar
7f6cc3102000-7f6cc3104000 r--s 00006000 08:16 97184                      /usr/share/java/java-atk-wrapper.jar
7f6cc3104000-7f6cc3105000 r--s 00002000 08:16 272416                     /usr/lib/jvm/java-7-openjdk-amd64/jre/lib/ext/dnsns.jar
7f6cc3105000-7f6cc3109000 r--s 0003c000 08:16 272417                     /usr/lib/jvm/java-7-openjdk-amd64/jre/lib/ext/sunpkcs11.jar
7f6cc3109000-7f6cc310c000 r--s 00086000 08:16 272418                     /usr/lib/jvm/java-7-openjdk-amd64/jre/lib/ext/localedata.jar
7f6cc310c000-7f6cc3114000 rw-s 00000000 08:16 1446302                    /tmp/hsperfdata_test/18342
7f6cc3114000-7f6cc3115000 rw-p 00000000 00:00 0 
7f6cc3115000-7f6cc3116000 ---p 00000000 00:00 0 
7f6cc3116000-7f6cc3118000 rw-p 00000000 00:00 0 
7f6cc3118000-7f6cc3119000 r--p 00022000 08:16 917600                     /lib/x86_64-linux-gnu/ld-2.19.so
7f6cc3119000-7f6cc311a000 rw-p 00023000 08:16 917600                     /lib/x86_64-linux-gnu/ld-2.19.so
7f6cc311a000-7f6cc311b000 rw-p 00000000 00:00 0 
7ffdb303c000-7ffdb305d000 rw-p 00000000 00:00 0                          [stack]
7ffdb3107000-7ffdb3109000 r-xp 00000000 00:00 0                          [vdso]
7ffdb3109000-7ffdb310b000 r--p 00000000 00:00 0                          [vvar]
ffffffffff600000-ffffffffff601000 r-xp 00000000 00:00 0                  [vsyscall]

VM Arguments:
jvm_args: -Dfile.encoding=UTF-8 
java_command: FireSim
Launcher Type: SUN_STANDARD

Environment Variables:
PATH=/usr/local/sbin:/usr/local/bin:/usr/sbin:/usr/bin:/sbin:/bin:/usr/games:/usr/local/games
SHELL=/bin/bash
DISPLAY=:0

Signal Handlers:
SIGSEGV: [libjvm.so+0x94b9a0], sa_mask[0]=0x7ffbfeff, sa_flags=0x10000004
SIGBUS: [libjvm.so+0x94b9a0], sa_mask[0]=0x7ffbfeff, sa_flags=0x10000004
SIGFPE: [libjvm.so+0x7c3880], sa_mask[0]=0x7ffbfeff, sa_flags=0x10000004
SIGPIPE: [libjvm.so+0x7c3880], sa_mask[0]=0x7ffbfeff, sa_flags=0x10000004
SIGXFSZ: [libjvm.so+0x7c3880], sa_mask[0]=0x7ffbfeff, sa_flags=0x10000004
SIGILL: [libjvm.so+0x7c3880], sa_mask[0]=0x7ffbfeff, sa_flags=0x10000004
SIGUSR1: SIG_DFL, sa_mask[0]=0x00000000, sa_flags=0x00000000
SIGUSR2: [libjvm.so+0x7c3720], sa_mask[0]=0x00000004, sa_flags=0x10000004
SIGHUP: [libjvm.so+0x7c3900], sa_mask[0]=0x7ffbfeff, sa_flags=0x10000004
SIGINT: [libjvm.so+0x7c3900], sa_mask[0]=0x7ffbfeff, sa_flags=0x10000004
SIGTERM: [libjvm.so+0x7c3900], sa_mask[0]=0x7ffbfeff, sa_flags=0x10000004
SIGQUIT: [libjvm.so+0x7c3900], sa_mask[0]=0x7ffbfeff, sa_flags=0x10000004
SIGTRAP: SIG_DFL, sa_mask[0]=0x00000000, sa_flags=0x00000000


---------------  S Y S T E M  ---------------

OS:Ubuntu 14.04 (trusty)
uname:Linux 3.16.0-41-generic #57~14.04.1-Ubuntu SMP Thu Jun 18 18:01:13 UTC 2015 x86_64
libc:glibc 2.19 NPTL 2.19 
rlimit: STACK 8192k, CORE 0k, NPROC 31668, NOFILE 4096, AS infinity
load average:1.50 0.92 0.71

/proc/meminfo:
MemTotal:        8128588 kB
MemFree:          166448 kB
MemAvailable:     113268 kB
Buffers:            1056 kB
Cached:           129484 kB
SwapCached:            0 kB
Active:          7626060 kB
Inactive:         110980 kB
Active(anon):    7607760 kB
Inactive(anon):    92776 kB
Active(file):      18300 kB
Inactive(file):    18204 kB
Unevictable:          32 kB
Mlocked:              32 kB
SwapTotal:             0 kB
SwapFree:              0 kB
Dirty:               144 kB
Writeback:             0 kB
AnonPages:       7606800 kB
Mapped:           124532 kB
Shmem:             93828 kB
Slab:              62748 kB
SReclaimable:      26080 kB
SUnreclaim:        36668 kB
KernelStack:       23328 kB
PageTables:        58160 kB
NFS_Unstable:          0 kB
Bounce:                0 kB
WritebackTmp:          0 kB
CommitLimit:     4064292 kB
Committed_AS:   18389804 kB
VmallocTotal:   34359738367 kB
VmallocUsed:      102800 kB
VmallocChunk:   34359612372 kB
HardwareCorrupted:     0 kB
AnonHugePages:   5111808 kB
HugePages_Total:       0
HugePages_Free:        0
HugePages_Rsvd:        0
HugePages_Surp:        0
Hugepagesize:       2048 kB
DirectMap4k:       81052 kB
DirectMap2M:     1968128 kB
DirectMap1G:     6291456 kB


CPU:total 4 (4 cores per cpu, 1 threads per core) family 6 model 60 stepping 3, cmov, cx8, fxsr, mmx, sse, sse2, sse3, ssse3, sse4.1, sse4.2, popcnt, avx, avx2, aes, erms, tsc, tscinvbit

/proc/cpuinfo:
processor	: 0
vendor_id	: GenuineIntel
cpu family	: 6
model		: 60
model name	: Intel(R) Core(TM) i5-4570 CPU @ 3.20GHz
stepping	: 3
microcode	: 0x17
cpu MHz		: 3521.750
cache size	: 6144 KB
physical id	: 0
siblings	: 4
core id		: 0
cpu cores	: 4
apicid		: 0
initial apicid	: 0
fpu		: yes
fpu_exception	: yes
cpuid level	: 13
wp		: yes
flags		: fpu vme de pse tsc msr pae mce cx8 apic sep mtrr pge mca cmov pat pse36 clflush dts acpi mmx fxsr sse sse2 ss ht tm pbe syscall nx pdpe1gb rdtscp lm constant_tsc arch_perfmon pebs bts rep_good nopl xtopology nonstop_tsc aperfmperf eagerfpu pni pclmulqdq dtes64 monitor ds_cpl vmx smx est tm2 ssse3 fma cx16 xtpr pdcm pcid sse4_1 sse4_2 x2apic movbe popcnt tsc_deadline_timer aes xsave avx f16c rdrand lahf_lm abm ida arat epb xsaveopt pln pts dtherm tpr_shadow vnmi flexpriority ept vpid fsgsbase tsc_adjust bmi1 hle avx2 smep bmi2 erms invpcid rtm
bogomips	: 6385.78
clflush size	: 64
cache_alignment	: 64
address sizes	: 39 bits physical, 48 bits virtual
power management:

processor	: 1
vendor_id	: GenuineIntel
cpu family	: 6
model		: 60
model name	: Intel(R) Core(TM) i5-4570 CPU @ 3.20GHz
stepping	: 3
microcode	: 0x17
cpu MHz		: 3455.000
cache size	: 6144 KB
physical id	: 0
siblings	: 4
core id		: 1
cpu cores	: 4
apicid		: 2
initial apicid	: 2
fpu		: yes
fpu_exception	: yes
cpuid level	: 13
wp		: yes
flags		: fpu vme de pse tsc msr pae mce cx8 apic sep mtrr pge mca cmov pat pse36 clflush dts acpi mmx fxsr sse sse2 ss ht tm pbe syscall nx pdpe1gb rdtscp lm constant_tsc arch_perfmon pebs bts rep_good nopl xtopology nonstop_tsc aperfmperf eagerfpu pni pclmulqdq dtes64 monitor ds_cpl vmx smx est tm2 ssse3 fma cx16 xtpr pdcm pcid sse4_1 sse4_2 x2apic movbe popcnt tsc_deadline_timer aes xsave avx f16c rdrand lahf_lm abm ida arat epb xsaveopt pln pts dtherm tpr_shadow vnmi flexpriority ept vpid fsgsbase tsc_adjust bmi1 hle avx2 smep bmi2 erms invpcid rtm
bogomips	: 6385.78
clflush size	: 64
cache_alignment	: 64
address sizes	: 39 bits physical, 48 bits virtual
power management:

processor	: 2
vendor_id	: GenuineIntel
cpu family	: 6
model		: 60
model name	: Intel(R) Core(TM) i5-4570 CPU @ 3.20GHz
stepping	: 3
microcode	: 0x17
cpu MHz		: 3414.125
cache size	: 6144 KB
physical id	: 0
siblings	: 4
core id		: 2
cpu cores	: 4
apicid		: 4
initial apicid	: 4
fpu		: yes
fpu_exception	: yes
cpuid level	: 13
wp		: yes
flags		: fpu vme de pse tsc msr pae mce cx8 apic sep mtrr pge mca cmov pat pse36 clflush dts acpi mmx fxsr sse sse2 ss ht tm pbe syscall nx pdpe1gb rdtscp lm constant_tsc arch_perfmon pebs bts rep_good nopl xtopology nonstop_tsc aperfmperf eagerfpu pni pclmulqdq dtes64 monitor ds_cpl vmx smx est tm2 ssse3 fma cx16 xtpr pdcm pcid sse4_1 sse4_2 x2apic movbe popcnt tsc_deadline_timer aes xsave avx f16c rdrand lahf_lm abm ida arat epb xsaveopt pln pts dtherm tpr_shadow vnmi flexpriority ept vpid fsgsbase tsc_adjust bmi1 hle avx2 smep bmi2 erms invpcid rtm
bogomips	: 6385.78
clflush size	: 64
cache_alignment	: 64
address sizes	: 39 bits physical, 48 bits virtual
power management:

processor	: 3
vendor_id	: GenuineIntel
cpu family	: 6
model		: 60
model name	: Intel(R) Core(TM) i5-4570 CPU @ 3.20GHz
stepping	: 3
microcode	: 0x17
cpu MHz		: 3462.000
cache size	: 6144 KB
physical id	: 0
siblings	: 4
core id		: 3
cpu cores	: 4
apicid		: 6
initial apicid	: 6
fpu		: yes
fpu_exception	: yes
cpuid level	: 13
wp		: yes
flags		: fpu vme de pse tsc msr pae mce cx8 apic sep mtrr pge mca cmov pat pse36 clflush dts acpi mmx fxsr sse sse2 ss ht tm pbe syscall nx pdpe1gb rdtscp lm constant_tsc arch_perfmon pebs bts rep_good nopl xtopology nonstop_tsc aperfmperf eagerfpu pni pclmulqdq dtes64 monitor ds_cpl vmx smx est tm2 ssse3 fma cx16 xtpr pdcm pcid sse4_1 sse4_2 x2apic movbe popcnt tsc_deadline_timer aes xsave avx f16c rdrand lahf_lm abm ida arat epb xsaveopt pln pts dtherm tpr_shadow vnmi flexpriority ept vpid fsgsbase tsc_adjust bmi1 hle avx2 smep bmi2 erms invpcid rtm
bogomips	: 6385.78
clflush size	: 64
cache_alignment	: 64
address sizes	: 39 bits physical, 48 bits virtual
power management:



Memory: 4k page, physical 8128588k(166448k free), swap 0k(0k free)

vm_info: OpenJDK 64-Bit Server VM (24.79-b02) for linux-amd64 JRE (1.7.0_79-b14), built on Apr 16 2015 08:21:58 by "buildd" with gcc 4.8.2

time: Mon Dec 14 15:42:19 2015
elapsed time: 1 seconds

